<?xml version="1.0" encoding="UTF-8"?>
<testsuite xmlns:xsi="http://www.w3.org/2001/XMLSchema-instance" xsi:noNamespaceSchemaLocation="https://maven.apache.org/surefire/maven-surefire-plugin/xsd/surefire-test-report-3.0.xsd" version="3.0" name="eql.logicaldoc.LogicaldocTest" time="3.737" tests="3" errors="0" skipped="0" failures="1">
  <properties>
    <property name="sun.desktop" value="windows"/>
    <property name="awt.toolkit" value="sun.awt.windows.WToolkit"/>
    <property name="file.encoding.pkg" value="sun.io"/>
    <property name="java.specification.version" value="1.8"/>
    <property name="sun.cpu.isalist" value="amd64"/>
    <property name="sun.jnu.encoding" value="Cp1252"/>
    <property name="sun.awt.enableExtraMouseButtons" value="true"/>
    <property name="java.class.path" value="C:\Users\formation\Documents\Projet_Libreplan_Logicaldoc\logicaldoc\target\test-classes;C:\Users\formation\Documents\Projet_Libreplan_Logicaldoc\logicaldoc\target\classes;C:\Users\formation\.m2\repository\junit\junit\4.13.1\junit-4.13.1.jar;C:\Users\formation\.m2\repository\org\hamcrest\hamcrest-core\1.3\hamcrest-core-1.3.jar;C:\Installation\SmartBear\SoapUI-5.4.0\bin\soapui-5.4.0.jar;C:\Users\formation\.m2\repository\log4j\log4j\1.2.12\log4j-1.2.12.jar;C:\Installation\SmartBear\SoapUI-5.4.0\lib\xbean-fixed-2.4.0.jar;C:\Users\formation\.m2\repository\net\sf\squirrel-sql\thirdparty-non-maven\com-fifesoft-rsyntaxtextarea\1.0.0\com-fifesoft-rsyntaxtextarea-1.0.0.jar;C:\Installation\SmartBear\SoapUI-5.4.0\lib\commons-cli-1.2.jar;C:\Installation\SmartBear\SoapUI-5.4.0\lib\commons-io-2.4.jar;C:\Users\formation\.m2\repository\org\apache\httpcomponents\httpclient\4.1.1\httpclient-4.1.1.jar;C:\Users\formation\.m2\repository\org\apache\httpcomponents\httpcore\4.1\httpcore-4.1.jar;C:\Users\formation\.m2\repository\commons-logging\commons-logging\1.1.1\commons-logging-1.1.1.jar;C:\Users\formation\.m2\repository\commons-codec\commons-codec\1.4\commons-codec-1.4.jar;C:\Installation\SmartBear\SoapUI-5.4.0\lib\proxy-vole-20131209.jar;C:\Users\formation\.m2\repository\xalan\xalan\2.7.0\xalan-2.7.0.jar;C:\Users\formation\.m2\repository\xml-apis\xml-apis\1.0.b2\xml-apis-1.0.b2.jar;C:\Users\formation\.m2\repository\org\reflections\reflections\0.9.9-RC1\reflections-0.9.9-RC1.jar;C:\Users\formation\.m2\repository\com\google\guava\guava\11.0.2\guava-11.0.2.jar;C:\Users\formation\.m2\repository\com\google\code\findbugs\jsr305\1.3.9\jsr305-1.3.9.jar;C:\Users\formation\.m2\repository\org\javassist\javassist\3.16.1-GA\javassist-3.16.1-GA.jar;C:\Users\formation\.m2\repository\dom4j\dom4j\1.6.1\dom4j-1.6.1.jar;C:\Users\formation\.m2\repository\org\codehaus\groovy\groovy-all\2.4.4\groovy-all-2.4.4.jar;C:\Users\formation\.m2\repository\commons-lang\commons-lang\2.4\commons-lang-2.4.jar;C:\Users\formation\.m2\repository\org\bouncycastle\bcprov-jdk16\1.45\bcprov-jdk16-1.45.jar;C:\Users\formation\.m2\repository\wsdl4j\wsdl4j\1.6.2\wsdl4j-1.6.2.jar;C:\Users\formation\.m2\repository\com\jgoodies\jgoodies-forms\1.6.0\jgoodies-forms-1.6.0.jar;C:\Users\formation\.m2\repository\com\jgoodies\jgoodies-common\1.4.0\jgoodies-common-1.4.0.jar;C:\Users\formation\.m2\repository\xmlunit\xmlunit\1.2\xmlunit-1.2.jar;C:\Users\formation\.m2\repository\org\apache\flex\blazeds\flex-messaging-core\4.7.0\flex-messaging-core-4.7.0.jar;C:\Users\formation\.m2\repository\org\apache\flex\blazeds\flex-messaging-common\4.7.0\flex-messaging-common-4.7.0.jar;C:\Installation\Java\jdk1.8.0_152\lib\tools.jar;C:\Installation\SmartBear\SoapUI-5.4.0\lib\commons-collections-3.2.2.jar;C:\Installation\SmartBear\SoapUI-5.4.0\lib\jms-1.1.jar;C:\Users\formation\.m2\repository\javax\mail\mail\1.4\mail-1.4.jar;C:\Users\formation\.m2\repository\javax\activation\activation\1.1\activation-1.1.jar;C:\Users\formation\.m2\repository\commons-beanutils\commons-beanutils\1.7.0\commons-beanutils-1.7.0.jar;C:\Users\formation\.m2\repository\org\apache\logging\log4j\log4j-api\2.14.1\log4j-api-2.14.1.jar;C:\Users\formation\.m2\repository\org\apache\logging\log4j\log4j-core\2.14.1\log4j-core-2.14.1.jar;C:\Users\formation\.m2\repository\org\apache\logging\log4j\log4j-slf4j-impl\2.14.1\log4j-slf4j-impl-2.14.1.jar;C:\Users\formation\.m2\repository\org\slf4j\slf4j-api\1.7.25\slf4j-api-1.7.25.jar;C:\Installation\SmartBear\SoapUI-5.4.0\lib\analytics-core-5.4.0.jar;C:\Installation\SmartBear\SoapUI-5.4.0\lib\out-app-analytics-provider-5.4.0.jar;C:\Installation\SmartBear\SoapUI-5.4.0\lib\json-lib-2.2.2-jdk15.jar;C:\Users\formation\.m2\repository\org\apache\xmlbeans\xmlbeans-xpath\2.4.0\xmlbeans-xpath-2.4.0.jar;C:\Users\formation\.m2\repository\org\apache\xmlbeans\xmlbeans\2.4.0\xmlbeans-2.4.0.jar;C:\Users\formation\.m2\repository\stax\stax-api\1.0.1\stax-api-1.0.1.jar;C:\Users\formation\.m2\repository\net\sf\saxon\saxon-xpath\8.7\saxon-xpath-8.7.jar;C:\Installation\SmartBear\SoapUI-5.4.0\lib\saxon-9.1.0.8j.jar;C:\Installation\SmartBear\SoapUI-5.4.0\lib\saxon-dom-9.1.0.8j.jar;"/>
    <property name="java.vm.vendor" value="Oracle Corporation"/>
    <property name="sun.arch.data.model" value="64"/>
    <property name="user.variant" value=""/>
    <property name="java.vendor.url" value="http://java.oracle.com/"/>
    <property name="user.timezone" value="Europe/Paris"/>
    <property name="java.vm.specification.version" value="1.8"/>
    <property name="os.name" value="Windows 10"/>
    <property name="user.country" value="FR"/>
    <property name="sun.java.launcher" value="SUN_STANDARD"/>
    <property name="sun.boot.library.path" value="C:\Installation\Java\jdk1.8.0_152\jre\bin"/>
    <property name="sun.java.command" value="C:\Users\formation\AppData\Local\Temp\surefire886738227641450907\surefirebooter1762582061394978869.jar C:\Users\formation\AppData\Local\Temp\surefire886738227641450907 2021-12-10T13-23-21_267-jvmRun1 surefire4909912805227515803tmp surefire_02708885593766134405tmp"/>
    <property name="surefire.test.class.path" value="C:\Users\formation\Documents\Projet_Libreplan_Logicaldoc\logicaldoc\target\test-classes;C:\Users\formation\Documents\Projet_Libreplan_Logicaldoc\logicaldoc\target\classes;C:\Users\formation\.m2\repository\junit\junit\4.13.1\junit-4.13.1.jar;C:\Users\formation\.m2\repository\org\hamcrest\hamcrest-core\1.3\hamcrest-core-1.3.jar;C:\Installation\SmartBear\SoapUI-5.4.0\bin\soapui-5.4.0.jar;C:\Users\formation\.m2\repository\log4j\log4j\1.2.12\log4j-1.2.12.jar;C:\Installation\SmartBear\SoapUI-5.4.0\lib\xbean-fixed-2.4.0.jar;C:\Users\formation\.m2\repository\net\sf\squirrel-sql\thirdparty-non-maven\com-fifesoft-rsyntaxtextarea\1.0.0\com-fifesoft-rsyntaxtextarea-1.0.0.jar;C:\Installation\SmartBear\SoapUI-5.4.0\lib\commons-cli-1.2.jar;C:\Installation\SmartBear\SoapUI-5.4.0\lib\commons-io-2.4.jar;C:\Users\formation\.m2\repository\org\apache\httpcomponents\httpclient\4.1.1\httpclient-4.1.1.jar;C:\Users\formation\.m2\repository\org\apache\httpcomponents\httpcore\4.1\httpcore-4.1.jar;C:\Users\formation\.m2\repository\commons-logging\commons-logging\1.1.1\commons-logging-1.1.1.jar;C:\Users\formation\.m2\repository\commons-codec\commons-codec\1.4\commons-codec-1.4.jar;C:\Installation\SmartBear\SoapUI-5.4.0\lib\proxy-vole-20131209.jar;C:\Users\formation\.m2\repository\xalan\xalan\2.7.0\xalan-2.7.0.jar;C:\Users\formation\.m2\repository\xml-apis\xml-apis\1.0.b2\xml-apis-1.0.b2.jar;C:\Users\formation\.m2\repository\org\reflections\reflections\0.9.9-RC1\reflections-0.9.9-RC1.jar;C:\Users\formation\.m2\repository\com\google\guava\guava\11.0.2\guava-11.0.2.jar;C:\Users\formation\.m2\repository\com\google\code\findbugs\jsr305\1.3.9\jsr305-1.3.9.jar;C:\Users\formation\.m2\repository\org\javassist\javassist\3.16.1-GA\javassist-3.16.1-GA.jar;C:\Users\formation\.m2\repository\dom4j\dom4j\1.6.1\dom4j-1.6.1.jar;C:\Users\formation\.m2\repository\org\codehaus\groovy\groovy-all\2.4.4\groovy-all-2.4.4.jar;C:\Users\formation\.m2\repository\commons-lang\commons-lang\2.4\commons-lang-2.4.jar;C:\Users\formation\.m2\repository\org\bouncycastle\bcprov-jdk16\1.45\bcprov-jdk16-1.45.jar;C:\Users\formation\.m2\repository\wsdl4j\wsdl4j\1.6.2\wsdl4j-1.6.2.jar;C:\Users\formation\.m2\repository\com\jgoodies\jgoodies-forms\1.6.0\jgoodies-forms-1.6.0.jar;C:\Users\formation\.m2\repository\com\jgoodies\jgoodies-common\1.4.0\jgoodies-common-1.4.0.jar;C:\Users\formation\.m2\repository\xmlunit\xmlunit\1.2\xmlunit-1.2.jar;C:\Users\formation\.m2\repository\org\apache\flex\blazeds\flex-messaging-core\4.7.0\flex-messaging-core-4.7.0.jar;C:\Users\formation\.m2\repository\org\apache\flex\blazeds\flex-messaging-common\4.7.0\flex-messaging-common-4.7.0.jar;C:\Installation\Java\jdk1.8.0_152\lib\tools.jar;C:\Installation\SmartBear\SoapUI-5.4.0\lib\commons-collections-3.2.2.jar;C:\Installation\SmartBear\SoapUI-5.4.0\lib\jms-1.1.jar;C:\Users\formation\.m2\repository\javax\mail\mail\1.4\mail-1.4.jar;C:\Users\formation\.m2\repository\javax\activation\activation\1.1\activation-1.1.jar;C:\Users\formation\.m2\repository\commons-beanutils\commons-beanutils\1.7.0\commons-beanutils-1.7.0.jar;C:\Users\formation\.m2\repository\org\apache\logging\log4j\log4j-api\2.14.1\log4j-api-2.14.1.jar;C:\Users\formation\.m2\repository\org\apache\logging\log4j\log4j-core\2.14.1\log4j-core-2.14.1.jar;C:\Users\formation\.m2\repository\org\apache\logging\log4j\log4j-slf4j-impl\2.14.1\log4j-slf4j-impl-2.14.1.jar;C:\Users\formation\.m2\repository\org\slf4j\slf4j-api\1.7.25\slf4j-api-1.7.25.jar;C:\Installation\SmartBear\SoapUI-5.4.0\lib\analytics-core-5.4.0.jar;C:\Installation\SmartBear\SoapUI-5.4.0\lib\out-app-analytics-provider-5.4.0.jar;C:\Installation\SmartBear\SoapUI-5.4.0\lib\json-lib-2.2.2-jdk15.jar;C:\Users\formation\.m2\repository\org\apache\xmlbeans\xmlbeans-xpath\2.4.0\xmlbeans-xpath-2.4.0.jar;C:\Users\formation\.m2\repository\org\apache\xmlbeans\xmlbeans\2.4.0\xmlbeans-2.4.0.jar;C:\Users\formation\.m2\repository\stax\stax-api\1.0.1\stax-api-1.0.1.jar;C:\Users\formation\.m2\repository\net\sf\saxon\saxon-xpath\8.7\saxon-xpath-8.7.jar;C:\Installation\SmartBear\SoapUI-5.4.0\lib\saxon-9.1.0.8j.jar;C:\Installation\SmartBear\SoapUI-5.4.0\lib\saxon-dom-9.1.0.8j.jar;"/>
    <property name="sun.cpu.endian" value="little"/>
    <property name="user.home" value="C:\Users\formation"/>
    <property name="user.language" value="fr"/>
    <property name="java.specification.vendor" value="Oracle Corporation"/>
    <property name="java.home" value="C:\Installation\Java\jdk1.8.0_152\jre"/>
    <property name="basedir" value="C:\Users\formation\Documents\Projet_Libreplan_Logicaldoc\logicaldoc"/>
    <property name="file.separator" value="\"/>
    <property name="line.separator" value="&#10;"/>
    <property name="java.vm.specification.vendor" value="Oracle Corporation"/>
    <property name="java.specification.name" value="Java Platform API Specification"/>
    <property name="java.awt.graphicsenv" value="sun.awt.Win32GraphicsEnvironment"/>
    <property name="surefire.real.class.path" value="C:\Users\formation\AppData\Local\Temp\surefire886738227641450907\surefirebooter1762582061394978869.jar"/>
    <property name="sun.boot.class.path" value="C:\Installation\Java\jdk1.8.0_152\jre\lib\resources.jar;C:\Installation\Java\jdk1.8.0_152\jre\lib\rt.jar;C:\Installation\Java\jdk1.8.0_152\jre\lib\sunrsasign.jar;C:\Installation\Java\jdk1.8.0_152\jre\lib\jsse.jar;C:\Installation\Java\jdk1.8.0_152\jre\lib\jce.jar;C:\Installation\Java\jdk1.8.0_152\jre\lib\charsets.jar;C:\Installation\Java\jdk1.8.0_152\jre\lib\jfr.jar;C:\Installation\Java\jdk1.8.0_152\jre\classes"/>
    <property name="user.script" value=""/>
    <property name="sun.management.compiler" value="HotSpot 64-Bit Tiered Compilers"/>
    <property name="java.runtime.version" value="1.8.0_152-b16"/>
    <property name="user.name" value="formation"/>
    <property name="path.separator" value=";"/>
    <property name="os.version" value="10.0"/>
    <property name="java.endorsed.dirs" value="C:\Installation\Java\jdk1.8.0_152\jre\lib\endorsed"/>
    <property name="java.runtime.name" value="Java(TM) SE Runtime Environment"/>
    <property name="file.encoding" value="Cp1252"/>
    <property name="java.vm.name" value="Java HotSpot(TM) 64-Bit Server VM"/>
    <property name="localRepository" value="C:\Users\formation\.m2\repository"/>
    <property name="java.vendor.url.bug" value="http://bugreport.sun.com/bugreport/"/>
    <property name="java.io.tmpdir" value="C:\Users\FORMAT~1\AppData\Local\Temp\"/>
    <property name="java.version" value="1.8.0_152"/>
    <property name="user.dir" value="C:\Users\formation\Documents\Projet_Libreplan_Logicaldoc\logicaldoc"/>
    <property name="os.arch" value="amd64"/>
    <property name="java.vm.specification.name" value="Java Virtual Machine Specification"/>
    <property name="java.awt.printerjob" value="sun.awt.windows.WPrinterJob"/>
    <property name="sun.os.patch.level" value=""/>
    <property name="java.library.path" value="C:\Installation\Java\jdk1.8.0_152\jre\bin;C:\WINDOWS\Sun\Java\bin;C:\WINDOWS\system32;C:\WINDOWS;C:/Installation/Java/jdk1.8.0_152/bin/../jre/bin/server;C:/Installation/Java/jdk1.8.0_152/bin/../jre/bin;C:/Installation/Java/jdk1.8.0_152/bin/../jre/lib/amd64;C:\Installation\Java\jdk1.8.0_152\bin;C:\Installation\SquashTA-Toolbox-1.10.0-RELEASE\apache-maven-3.5.0\bin;C:\Installation\SquashTA-Toolbox-1.10.0-RELEASE\eclipse-jee-oxygen-R-win32-x86_64;C:\ProgramData\Oracle\Java\javapath;C:\Installation\Java\jdk1.7.0_80\bin;C:\Program Files (x86)\apache-maven-3.6.3\bin;C:\Program Files (x86)\apache-maven-3.6.3\bin;C:\Users\formation\AppData\Local\Android\Sdk\tools;C:\Users\formation\AppData\Local\Android\Sdk\platform-tools;C:\WINDOWS\system32;C:\WINDOWS;C:\WINDOWS\System32\Wbem;C:\WINDOWS\System32\WindowsPowerShell\v1.0\;C:\WINDOWS\System32\OpenSSH\;C:\Installation\wamp\bin\mysql\mysql5.1.36\bin;C:\INSTAL~1\Groovy\GROOVY~1.15\bin;C:\ProgramData\chocolatey\bin;C:\Program Files\Git\cmd;C:\Users\formation\AppData\Local\Microsoft\WindowsApps;;C:\Installation\SquashTA-Toolbox-1.10.0-RELEASE\eclipse-jee-oxygen-R-win32-x86_64;;."/>
    <property name="java.vm.info" value="mixed mode"/>
    <property name="java.vendor" value="Oracle Corporation"/>
    <property name="java.vm.version" value="25.152-b16"/>
    <property name="java.ext.dirs" value="C:\Installation\Java\jdk1.8.0_152\jre\lib\ext;C:\WINDOWS\Sun\Java\lib\ext"/>
    <property name="sun.io.unicode.encoding" value="UnicodeLittle"/>
    <property name="java.class.version" value="52.0"/>
  </properties>
  <testcase name="LogicalDocTest_Docs_And_Search" classname="eql.logicaldoc.LogicaldocTest" time="3.346">
    <failure message="expected:&lt;FINISHED&gt; but was:&lt;FAILED&gt;" type="java.lang.AssertionError"><![CDATA[java.lang.AssertionError: expected:<FINISHED> but was:<FAILED>
	at eql.logicaldoc.LogicaldocTest.LogicalDocTest_Docs_And_Search(LogicaldocTest.java:45)
]]></failure>
    <system-out><![CDATA[13:23:22,761 WARN  [SoapUI] Missing folder [C:\Users\formation\Documents\Projet_Libreplan_Logicaldoc\logicaldoc\ext] for external libraries
13:23:22,949 INFO  [DefaultSoapUICore] initialized soapui-settings from [C:\Users\formation\soapui-settings.xml]
13:23:23,985 INFO  [PluginManager] 0 plugins loaded in 2 ms
13:23:23,985 INFO  [DefaultSoapUICore] All plugins loaded
13:23:24,593 INFO  [WsdlProject] Loaded project from [file:/C:/Users/formation/Documents/Projet_Libreplan_Logicaldoc/logicaldoc/src/test/resources/JN_Logicaldoc-soapui-project.xml]
13:23:24,720 DEBUG [HttpClientSupport$SoapUIHttpClient] Attempt 1 to execute request
13:23:24,720 DEBUG [SoapUIMultiThreadedHttpConnectionManager$SoapUIDefaultClientConnection] Sending request: POST /logicaldoc/services/Auth HTTP/1.1
13:23:24,734 DEBUG [SoapUIMultiThreadedHttpConnectionManager$SoapUIDefaultClientConnection] Receiving response: HTTP/1.1 200 
13:23:24,738 DEBUG [HttpClientSupport$SoapUIHttpClient] Connection can be kept alive for 20000 MILLISECONDS
Progress: 1 - Loading Definition from cache
13:23:25,392 DEBUG [AbstractDefinitionContext] Loading Definition...
13:23:25,402 DEBUG [WsdlInterfaceDefinition] Loading WSDL: file:/C:/Users/formation/Desktop/Document.wsdl
13:23:25,402 DEBUG [AbstractWsdlDefinitionLoader] Returning baseInputSource [file:/C:/Users/formation/Desktop/Document.wsdl]
Retrieving document at 'file:/C:/Users/formation/Desktop/Document.wsdl'.
13:23:25,423 ERROR [SoapUI] An error occurred [com.eviware.soapui.impl.support.definition.support.InvalidDefinitionException], see error log for details
13:23:25,426 ERROR [SoapUI] An error occurred [com.eviware.soapui.impl.support.definition.support.InvalidDefinitionException], see error log for details
13:23:25,427 WARN  [SoapUI] Failed to process inline/MTOM attachments; java.lang.Exception: Missing operation [create] in wsdl definition
Progress: 1 - Loading Definition from cache
13:23:25,436 DEBUG [AbstractDefinitionContext] Loading Definition...
13:23:25,436 DEBUG [WsdlInterfaceDefinition] Loading WSDL: file:/C:/Users/formation/Desktop/Document.wsdl
13:23:25,436 DEBUG [AbstractWsdlDefinitionLoader] Returning baseInputSource [file:/C:/Users/formation/Desktop/Document.wsdl]
Retrieving document at 'file:/C:/Users/formation/Desktop/Document.wsdl'.
13:23:25,443 ERROR [SoapUI] An error occurred [com.eviware.soapui.impl.support.definition.support.InvalidDefinitionException], see error log for details
13:23:25,444 WARN  [AttachmentUtils] 
13:23:25,462 DEBUG [HttpClientSupport$SoapUIHttpClient] Stale connection check
13:23:25,474 DEBUG [HttpClientSupport$SoapUIHttpClient] Attempt 1 to execute request
13:23:25,474 DEBUG [SoapUIMultiThreadedHttpConnectionManager$SoapUIDefaultClientConnection] Sending request: POST /logicaldoc/services/Document HTTP/1.1
13:23:25,512 DEBUG [SoapUIMultiThreadedHttpConnectionManager$SoapUIDefaultClientConnection] Receiving response: HTTP/1.1 200 
13:23:25,512 DEBUG [HttpClientSupport$SoapUIHttpClient] Connection can be kept alive for 20000 MILLISECONDS
Progress: 1 - Loading Definition from cache
13:23:25,555 DEBUG [AbstractDefinitionContext] Loading Definition...
13:23:25,555 DEBUG [WsdlInterfaceDefinition] Loading WSDL: file:/C:/Users/formation/Desktop/Document.wsdl
13:23:25,555 DEBUG [AbstractWsdlDefinitionLoader] Returning baseInputSource [file:/C:/Users/formation/Desktop/Document.wsdl]
Retrieving document at 'file:/C:/Users/formation/Desktop/Document.wsdl'.
13:23:25,560 ERROR [SoapUI] An error occurred [com.eviware.soapui.impl.support.definition.support.InvalidDefinitionException], see error log for details
13:23:25,560 ERROR [SoapUI] An error occurred [com.eviware.soapui.impl.support.definition.support.InvalidDefinitionException], see error log for details
13:23:25,561 WARN  [SoapUI] Failed to process inline/MTOM attachments; java.lang.Exception: Missing operation [create] in wsdl definition
Progress: 1 - Loading Definition from cache
13:23:25,562 DEBUG [AbstractDefinitionContext] Loading Definition...
13:23:25,562 DEBUG [WsdlInterfaceDefinition] Loading WSDL: file:/C:/Users/formation/Desktop/Document.wsdl
13:23:25,562 DEBUG [AbstractWsdlDefinitionLoader] Returning baseInputSource [file:/C:/Users/formation/Desktop/Document.wsdl]
Retrieving document at 'file:/C:/Users/formation/Desktop/Document.wsdl'.
13:23:25,567 ERROR [SoapUI] An error occurred [com.eviware.soapui.impl.support.definition.support.InvalidDefinitionException], see error log for details
13:23:25,567 WARN  [AttachmentUtils] 
13:23:25,569 DEBUG [HttpClientSupport$SoapUIHttpClient] Stale connection check
13:23:25,579 DEBUG [HttpClientSupport$SoapUIHttpClient] Attempt 1 to execute request
13:23:25,580 DEBUG [SoapUIMultiThreadedHttpConnectionManager$SoapUIDefaultClientConnection] Sending request: POST /logicaldoc/services/Document HTTP/1.1
13:23:25,582 DEBUG [SoapUIMultiThreadedHttpConnectionManager$SoapUIDefaultClientConnection] Receiving response: HTTP/1.1 500 
13:23:25,582 DEBUG [SoapUIMultiThreadedHttpConnectionManager$SoapUIDefaultClientConnection] Connection shut down
13:23:25,585 DEBUG [HttpClientSupport$SoapUIHttpClient] Attempt 1 to execute request
13:23:25,585 DEBUG [SoapUIMultiThreadedHttpConnectionManager$SoapUIDefaultClientConnection] Sending request: POST /logicaldoc/services/Document HTTP/1.1
13:23:25,590 DEBUG [SoapUIMultiThreadedHttpConnectionManager$SoapUIDefaultClientConnection] Receiving response: HTTP/1.1 200 
13:23:25,590 DEBUG [HttpClientSupport$SoapUIHttpClient] Connection can be kept alive for 20000 MILLISECONDS
13:23:25,593 DEBUG [HttpClientSupport$SoapUIHttpClient] Stale connection check
13:23:25,609 DEBUG [HttpClientSupport$SoapUIHttpClient] Attempt 1 to execute request
13:23:25,610 DEBUG [SoapUIMultiThreadedHttpConnectionManager$SoapUIDefaultClientConnection] Sending request: POST /logicaldoc/services/Document HTTP/1.1
13:23:25,632 DEBUG [SoapUIMultiThreadedHttpConnectionManager$SoapUIDefaultClientConnection] Receiving response: HTTP/1.1 500 
13:23:25,633 DEBUG [SoapUIMultiThreadedHttpConnectionManager$SoapUIDefaultClientConnection] Connection shut down
13:23:25,641 DEBUG [HttpClientSupport$SoapUIHttpClient] Attempt 1 to execute request
13:23:25,642 DEBUG [SoapUIMultiThreadedHttpConnectionManager$SoapUIDefaultClientConnection] Sending request: POST /logicaldoc/services/Document HTTP/1.1
13:23:25,663 DEBUG [SoapUIMultiThreadedHttpConnectionManager$SoapUIDefaultClientConnection] Receiving response: HTTP/1.1 200 
13:23:25,663 DEBUG [HttpClientSupport$SoapUIHttpClient] Connection can be kept alive for 20000 MILLISECONDS
13:23:25,668 DEBUG [HttpClientSupport$SoapUIHttpClient] Stale connection check
13:23:25,673 DEBUG [HttpClientSupport$SoapUIHttpClient] Attempt 1 to execute request
13:23:25,673 DEBUG [SoapUIMultiThreadedHttpConnectionManager$SoapUIDefaultClientConnection] Sending request: POST /logicaldoc/services/Document HTTP/1.1
13:23:25,689 DEBUG [SoapUIMultiThreadedHttpConnectionManager$SoapUIDefaultClientConnection] Receiving response: HTTP/1.1 200 
13:23:25,689 DEBUG [HttpClientSupport$SoapUIHttpClient] Connection can be kept alive for 20000 MILLISECONDS
13:23:25,692 DEBUG [HttpClientSupport$SoapUIHttpClient] Stale connection check
13:23:25,705 DEBUG [HttpClientSupport$SoapUIHttpClient] Attempt 1 to execute request
13:23:25,705 DEBUG [SoapUIMultiThreadedHttpConnectionManager$SoapUIDefaultClientConnection] Sending request: POST /logicaldoc/services/Document HTTP/1.1
13:23:25,709 DEBUG [SoapUIMultiThreadedHttpConnectionManager$SoapUIDefaultClientConnection] Receiving response: HTTP/1.1 200 
13:23:25,710 DEBUG [HttpClientSupport$SoapUIHttpClient] Connection can be kept alive for 20000 MILLISECONDS
13:23:25,713 DEBUG [HttpClientSupport$SoapUIHttpClient] Stale connection check
13:23:25,721 DEBUG [HttpClientSupport$SoapUIHttpClient] Attempt 1 to execute request
13:23:25,722 DEBUG [SoapUIMultiThreadedHttpConnectionManager$SoapUIDefaultClientConnection] Sending request: POST /logicaldoc/services/Auth HTTP/1.1
13:23:25,748 DEBUG [SoapUIMultiThreadedHttpConnectionManager$SoapUIDefaultClientConnection] Receiving response: HTTP/1.1 200 
13:23:25,748 DEBUG [HttpClientSupport$SoapUIHttpClient] Connection can be kept alive for 20000 MILLISECONDS
13:23:25,803 DEBUG [HttpClientSupport$SoapUIHttpClient] Stale connection check
13:23:25,815 DEBUG [HttpClientSupport$SoapUIHttpClient] Attempt 1 to execute request
13:23:25,815 DEBUG [SoapUIMultiThreadedHttpConnectionManager$SoapUIDefaultClientConnection] Sending request: POST /logicaldoc/services/Search HTTP/1.1
13:23:25,827 DEBUG [SoapUIMultiThreadedHttpConnectionManager$SoapUIDefaultClientConnection] Receiving response: HTTP/1.1 200 
13:23:25,827 DEBUG [HttpClientSupport$SoapUIHttpClient] Connection can be kept alive for 20000 MILLISECONDS
13:23:25,829 DEBUG [HttpClientSupport$SoapUIHttpClient] Stale connection check
13:23:25,831 DEBUG [HttpClientSupport$SoapUIHttpClient] Attempt 1 to execute request
13:23:25,831 DEBUG [SoapUIMultiThreadedHttpConnectionManager$SoapUIDefaultClientConnection] Sending request: POST /logicaldoc/services/Search HTTP/1.1
13:23:25,843 DEBUG [SoapUIMultiThreadedHttpConnectionManager$SoapUIDefaultClientConnection] Receiving response: HTTP/1.1 200 
13:23:25,844 DEBUG [HttpClientSupport$SoapUIHttpClient] Connection can be kept alive for 20000 MILLISECONDS
13:23:25,846 DEBUG [HttpClientSupport$SoapUIHttpClient] Stale connection check
13:23:25,862 DEBUG [HttpClientSupport$SoapUIHttpClient] Attempt 1 to execute request
13:23:25,862 DEBUG [SoapUIMultiThreadedHttpConnectionManager$SoapUIDefaultClientConnection] Sending request: POST /logicaldoc/services/Search HTTP/1.1
13:23:25,874 DEBUG [SoapUIMultiThreadedHttpConnectionManager$SoapUIDefaultClientConnection] Receiving response: HTTP/1.1 200 
13:23:25,874 DEBUG [HttpClientSupport$SoapUIHttpClient] Connection can be kept alive for 20000 MILLISECONDS
]]></system-out>
    <system-err><![CDATA[déc. 10, 2021 1:23:22 PM eql.logicaldoc.LogicaldocTest LogicalDocTest_Docs_And_Search
INFOS: Running LOGICALDOC Documents and Search APIs tests
SLF4J: Class path contains multiple SLF4J bindings.
SLF4J: Found binding in [jar:file:/C:/Users/formation/.m2/repository/org/apache/logging/log4j/log4j-slf4j-impl/2.14.1/log4j-slf4j-impl-2.14.1.jar!/org/slf4j/impl/StaticLoggerBinder.class]
SLF4J: Found binding in [jar:file:/C:/Installation/SmartBear/SoapUI-5.4.0/lib/slf4j-log4j12-1.6.4.jar!/org/slf4j/impl/StaticLoggerBinder.class]
SLF4J: See http://www.slf4j.org/codes.html#multiple_bindings for an explanation.
SLF4J: Actual binding is of type [org.apache.logging.slf4j.Log4jLoggerFactory]
déc. 10, 2021 1:23:24 PM eql.logicaldoc.LogicaldocTest LogicalDocTest_Docs_And_Search
INFOS: ******Running TestSuite 1***********
déc. 10, 2021 1:23:24 PM eql.logicaldoc.LogicaldocTest LogicalDocTest_Docs_And_Search
INFOS: ******Running TestCase 1***********
[Fatal Error] Document.wsdl:1:43: Le balisage du document précédant l'élément racine doit avoir un format correct.
com.eviware.soapui.impl.support.definition.support.InvalidDefinitionException
	at com.eviware.soapui.impl.wsdl.support.wsdl.WsdlInterfaceDefinition.load(WsdlInterfaceDefinition.java:52)
	at com.eviware.soapui.impl.wsdl.support.wsdl.WsdlContext.loadDefinition(WsdlContext.java:62)
	at com.eviware.soapui.impl.wsdl.support.wsdl.WsdlContext.loadDefinition(WsdlContext.java:34)
	at com.eviware.soapui.impl.support.definition.support.AbstractDefinitionContext.cacheDefinition(AbstractDefinitionContext.java:245)
	at com.eviware.soapui.impl.support.definition.support.AbstractDefinitionContext.access$400(AbstractDefinitionContext.java:47)
	at com.eviware.soapui.impl.support.definition.support.AbstractDefinitionContext$Loader.construct(AbstractDefinitionContext.java:218)
	at com.eviware.soapui.support.swing.SwingWorkerDelegator.construct(SwingWorkerDelegator.java:46)
	at com.eviware.soapui.support.swing.SwingWorker$2.run(SwingWorker.java:131)
	at java.lang.Thread.run(Thread.java:748)
com.eviware.soapui.impl.support.definition.support.InvalidDefinitionException
	at com.eviware.soapui.impl.wsdl.support.wsdl.WsdlInterfaceDefinition.load(WsdlInterfaceDefinition.java:52)
	at com.eviware.soapui.impl.wsdl.support.wsdl.WsdlContext.loadDefinition(WsdlContext.java:62)
	at com.eviware.soapui.impl.wsdl.support.wsdl.WsdlContext.loadDefinition(WsdlContext.java:34)
	at com.eviware.soapui.impl.support.definition.support.AbstractDefinitionContext.cacheDefinition(AbstractDefinitionContext.java:245)
	at com.eviware.soapui.impl.support.definition.support.AbstractDefinitionContext.access$400(AbstractDefinitionContext.java:47)
	at com.eviware.soapui.impl.support.definition.support.AbstractDefinitionContext$Loader.construct(AbstractDefinitionContext.java:218)
	at com.eviware.soapui.support.swing.SwingWorkerDelegator.construct(SwingWorkerDelegator.java:46)
	at com.eviware.soapui.support.swing.SwingWorker$2.run(SwingWorker.java:131)
	at java.lang.Thread.run(Thread.java:748)
[Fatal Error] Document.wsdl:1:43: Le balisage du document précédant l'élément racine doit avoir un format correct.
com.eviware.soapui.impl.support.definition.support.InvalidDefinitionException
	at com.eviware.soapui.impl.wsdl.support.wsdl.WsdlInterfaceDefinition.load(WsdlInterfaceDefinition.java:52)
	at com.eviware.soapui.impl.wsdl.support.wsdl.WsdlContext.loadDefinition(WsdlContext.java:62)
	at com.eviware.soapui.impl.wsdl.support.wsdl.WsdlContext.loadDefinition(WsdlContext.java:34)
	at com.eviware.soapui.impl.support.definition.support.AbstractDefinitionContext.cacheDefinition(AbstractDefinitionContext.java:245)
	at com.eviware.soapui.impl.support.definition.support.AbstractDefinitionContext.access$400(AbstractDefinitionContext.java:47)
	at com.eviware.soapui.impl.support.definition.support.AbstractDefinitionContext$Loader.construct(AbstractDefinitionContext.java:218)
	at com.eviware.soapui.support.swing.SwingWorkerDelegator.construct(SwingWorkerDelegator.java:46)
	at com.eviware.soapui.support.swing.SwingWorker$2.run(SwingWorker.java:131)
	at java.lang.Thread.run(Thread.java:748)
[Fatal Error] Document.wsdl:1:43: Le balisage du document précédant l'élément racine doit avoir un format correct.
com.eviware.soapui.impl.support.definition.support.InvalidDefinitionException
	at com.eviware.soapui.impl.wsdl.support.wsdl.WsdlInterfaceDefinition.load(WsdlInterfaceDefinition.java:52)
	at com.eviware.soapui.impl.wsdl.support.wsdl.WsdlContext.loadDefinition(WsdlContext.java:62)
	at com.eviware.soapui.impl.wsdl.support.wsdl.WsdlContext.loadDefinition(WsdlContext.java:34)
	at com.eviware.soapui.impl.support.definition.support.AbstractDefinitionContext.cacheDefinition(AbstractDefinitionContext.java:245)
	at com.eviware.soapui.impl.support.definition.support.AbstractDefinitionContext.access$400(AbstractDefinitionContext.java:47)
	at com.eviware.soapui.impl.support.definition.support.AbstractDefinitionContext$Loader.construct(AbstractDefinitionContext.java:218)
	at com.eviware.soapui.support.swing.SwingWorkerDelegator.construct(SwingWorkerDelegator.java:46)
	at com.eviware.soapui.support.swing.SwingWorker$2.run(SwingWorker.java:131)
	at java.lang.Thread.run(Thread.java:748)
com.eviware.soapui.impl.support.definition.support.InvalidDefinitionException
	at com.eviware.soapui.impl.wsdl.support.wsdl.WsdlInterfaceDefinition.load(WsdlInterfaceDefinition.java:52)
	at com.eviware.soapui.impl.wsdl.support.wsdl.WsdlContext.loadDefinition(WsdlContext.java:62)
	at com.eviware.soapui.impl.wsdl.support.wsdl.WsdlContext.loadDefinition(WsdlContext.java:34)
	at com.eviware.soapui.impl.support.definition.support.AbstractDefinitionContext.cacheDefinition(AbstractDefinitionContext.java:245)
	at com.eviware.soapui.impl.support.definition.support.AbstractDefinitionContext.access$400(AbstractDefinitionContext.java:47)
	at com.eviware.soapui.impl.support.definition.support.AbstractDefinitionContext$Loader.construct(AbstractDefinitionContext.java:218)
	at com.eviware.soapui.support.swing.SwingWorkerDelegator.construct(SwingWorkerDelegator.java:46)
	at com.eviware.soapui.support.swing.SwingWorker$2.run(SwingWorker.java:131)
	at java.lang.Thread.run(Thread.java:748)
[Fatal Error] Document.wsdl:1:43: Le balisage du document précédant l'élément racine doit avoir un format correct.
com.eviware.soapui.impl.support.definition.support.InvalidDefinitionException
	at com.eviware.soapui.impl.wsdl.support.wsdl.WsdlInterfaceDefinition.load(WsdlInterfaceDefinition.java:52)
	at com.eviware.soapui.impl.wsdl.support.wsdl.WsdlContext.loadDefinition(WsdlContext.java:62)
	at com.eviware.soapui.impl.wsdl.support.wsdl.WsdlContext.loadDefinition(WsdlContext.java:34)
	at com.eviware.soapui.impl.support.definition.support.AbstractDefinitionContext.cacheDefinition(AbstractDefinitionContext.java:245)
	at com.eviware.soapui.impl.support.definition.support.AbstractDefinitionContext.access$400(AbstractDefinitionContext.java:47)
	at com.eviware.soapui.impl.support.definition.support.AbstractDefinitionContext$Loader.construct(AbstractDefinitionContext.java:218)
	at com.eviware.soapui.support.swing.SwingWorkerDelegator.construct(SwingWorkerDelegator.java:46)
	at com.eviware.soapui.support.swing.SwingWorker$2.run(SwingWorker.java:131)
	at java.lang.Thread.run(Thread.java:748)
déc. 10, 2021 1:23:25 PM eql.logicaldoc.LogicaldocTest LogicalDocTest_Docs_And_Search
INFOS: ******Running TestSuite 2***********
déc. 10, 2021 1:23:25 PM eql.logicaldoc.LogicaldocTest LogicalDocTest_Docs_And_Search
INFOS: ******Running TestCase 1***********
]]></system-err>
  </testcase>
  <testcase name="LogicalDocTest_Folders" classname="eql.logicaldoc.LogicaldocTest" time="0.14">
    <system-out><![CDATA[13:23:25,901 INFO  [WsdlProject] Loaded project from [file:/C:/Users/formation/Documents/Projet_Libreplan_Logicaldoc/logicaldoc/src/test/resources/KIM_Logicaldoc-soapui-project.xml]
13:23:25,902 DEBUG [HttpClientSupport$SoapUIHttpClient] Stale connection check
13:23:25,910 DEBUG [HttpClientSupport$SoapUIHttpClient] Attempt 1 to execute request
13:23:25,910 DEBUG [SoapUIMultiThreadedHttpConnectionManager$SoapUIDefaultClientConnection] Sending request: POST /logicaldoc/services/Auth HTTP/1.1
13:23:25,918 DEBUG [SoapUIMultiThreadedHttpConnectionManager$SoapUIDefaultClientConnection] Receiving response: HTTP/1.1 200 
13:23:25,918 DEBUG [HttpClientSupport$SoapUIHttpClient] Connection can be kept alive for 20000 MILLISECONDS
13:23:25,939 DEBUG [HttpClientSupport$SoapUIHttpClient] Stale connection check
13:23:25,941 DEBUG [HttpClientSupport$SoapUIHttpClient] Attempt 1 to execute request
13:23:25,941 DEBUG [SoapUIMultiThreadedHttpConnectionManager$SoapUIDefaultClientConnection] Sending request: POST /logicaldoc/services/Folder HTTP/1.1
13:23:25,953 DEBUG [SoapUIMultiThreadedHttpConnectionManager$SoapUIDefaultClientConnection] Receiving response: HTTP/1.1 200 
13:23:25,953 DEBUG [HttpClientSupport$SoapUIHttpClient] Connection can be kept alive for 20000 MILLISECONDS
13:23:25,956 DEBUG [HttpClientSupport$SoapUIHttpClient] Stale connection check
13:23:25,957 DEBUG [HttpClientSupport$SoapUIHttpClient] Attempt 1 to execute request
13:23:25,957 DEBUG [SoapUIMultiThreadedHttpConnectionManager$SoapUIDefaultClientConnection] Sending request: POST /logicaldoc/services/Folder HTTP/1.1
13:23:25,966 DEBUG [SoapUIMultiThreadedHttpConnectionManager$SoapUIDefaultClientConnection] Receiving response: HTTP/1.1 200 
13:23:25,966 DEBUG [HttpClientSupport$SoapUIHttpClient] Connection can be kept alive for 20000 MILLISECONDS
13:23:26,008 DEBUG [HttpClientSupport$SoapUIHttpClient] Stale connection check
13:23:26,019 DEBUG [HttpClientSupport$SoapUIHttpClient] Attempt 1 to execute request
13:23:26,019 DEBUG [SoapUIMultiThreadedHttpConnectionManager$SoapUIDefaultClientConnection] Sending request: POST /logicaldoc/services/Folder HTTP/1.1
13:23:26,031 DEBUG [SoapUIMultiThreadedHttpConnectionManager$SoapUIDefaultClientConnection] Receiving response: HTTP/1.1 200 
13:23:26,031 DEBUG [HttpClientSupport$SoapUIHttpClient] Connection can be kept alive for 20000 MILLISECONDS
]]></system-out>
    <system-err><![CDATA[déc. 10, 2021 1:23:25 PM eql.logicaldoc.LogicaldocTest LogicalDocTest_Folders
INFOS: Running LOGICALDOC Folders APIs tests
déc. 10, 2021 1:23:25 PM eql.logicaldoc.LogicaldocTest LogicalDocTest_Folders
INFOS: ******Running TestSuite 1***********
déc. 10, 2021 1:23:25 PM eql.logicaldoc.LogicaldocTest LogicalDocTest_Folders
INFOS: ******Running TestCase 1***********
]]></system-err>
  </testcase>
  <testcase name="LogicalDocTest_Bookmarks" classname="eql.logicaldoc.LogicaldocTest" time="0.244">
    <system-out><![CDATA[13:23:26,049 INFO  [WsdlProject] Loaded project from [file:/C:/Users/formation/Documents/Projet_Libreplan_Logicaldoc/logicaldoc/src/test/resources/LOGICALDOC-BOOKMARKS-TEST-soapui-project.xml]
13:23:26,051 DEBUG [HttpClientSupport$SoapUIHttpClient] Stale connection check
13:23:26,067 DEBUG [HttpClientSupport$SoapUIHttpClient] Attempt 1 to execute request
13:23:26,067 DEBUG [SoapUIMultiThreadedHttpConnectionManager$SoapUIDefaultClientConnection] Sending request: POST /logicaldoc/services/Auth HTTP/1.1
13:23:26,075 DEBUG [SoapUIMultiThreadedHttpConnectionManager$SoapUIDefaultClientConnection] Receiving response: HTTP/1.1 200 
13:23:26,076 DEBUG [HttpClientSupport$SoapUIHttpClient] Connection can be kept alive for 20000 MILLISECONDS
Progress: 1 - Loading Definition from cache
13:23:26,104 DEBUG [AbstractDefinitionContext] Loading Definition...
13:23:26,105 DEBUG [WsdlInterfaceDefinition] Loading WSDL: http://localhost:8080/logicaldoc/services/Document?wsdl
13:23:26,105 DEBUG [AbstractWsdlDefinitionLoader] Returning baseInputSource [http://localhost:8080/logicaldoc/services/Document?wsdl]
Retrieving document at 'http://localhost:8080/logicaldoc/services/Document?wsdl'.
13:23:26,108 ERROR [SoapUI] An error occurred [com.eviware.soapui.impl.support.definition.support.InvalidDefinitionException], see error log for details
13:23:26,109 ERROR [SoapUI] An error occurred [com.eviware.soapui.impl.support.definition.support.InvalidDefinitionException], see error log for details
13:23:26,110 WARN  [SoapUI] Failed to process inline/MTOM attachments; java.lang.Exception: Missing operation [create] in wsdl definition
Progress: 1 - Loading Definition from cache
13:23:26,111 DEBUG [AbstractDefinitionContext] Loading Definition...
13:23:26,111 DEBUG [WsdlInterfaceDefinition] Loading WSDL: http://localhost:8080/logicaldoc/services/Document?wsdl
13:23:26,111 DEBUG [AbstractWsdlDefinitionLoader] Returning baseInputSource [http://localhost:8080/logicaldoc/services/Document?wsdl]
Retrieving document at 'http://localhost:8080/logicaldoc/services/Document?wsdl'.
13:23:26,116 ERROR [SoapUI] An error occurred [com.eviware.soapui.impl.support.definition.support.InvalidDefinitionException], see error log for details
13:23:26,117 WARN  [AttachmentUtils] 
13:23:26,119 DEBUG [HttpClientSupport$SoapUIHttpClient] Stale connection check
13:23:26,130 DEBUG [HttpClientSupport$SoapUIHttpClient] Attempt 1 to execute request
13:23:26,130 DEBUG [SoapUIMultiThreadedHttpConnectionManager$SoapUIDefaultClientConnection] Sending request: POST /logicaldoc/services/Document HTTP/1.1
13:23:26,159 DEBUG [SoapUIMultiThreadedHttpConnectionManager$SoapUIDefaultClientConnection] Receiving response: HTTP/1.1 200 
13:23:26,159 DEBUG [HttpClientSupport$SoapUIHttpClient] Connection can be kept alive for 20000 MILLISECONDS
13:23:26,195 DEBUG [HttpClientSupport$SoapUIHttpClient] Stale connection check
13:23:26,208 DEBUG [HttpClientSupport$SoapUIHttpClient] Attempt 1 to execute request
13:23:26,208 DEBUG [SoapUIMultiThreadedHttpConnectionManager$SoapUIDefaultClientConnection] Sending request: POST /logicaldoc/services/Bookmark HTTP/1.1
13:23:26,226 DEBUG [SoapUIMultiThreadedHttpConnectionManager$SoapUIDefaultClientConnection] Receiving response: HTTP/1.1 200 
13:23:26,226 DEBUG [HttpClientSupport$SoapUIHttpClient] Connection can be kept alive for 20000 MILLISECONDS
13:23:26,231 DEBUG [HttpClientSupport$SoapUIHttpClient] Stale connection check
13:23:26,239 DEBUG [HttpClientSupport$SoapUIHttpClient] Attempt 1 to execute request
13:23:26,239 DEBUG [SoapUIMultiThreadedHttpConnectionManager$SoapUIDefaultClientConnection] Sending request: POST /logicaldoc/services/Bookmark HTTP/1.1
13:23:26,245 DEBUG [SoapUIMultiThreadedHttpConnectionManager$SoapUIDefaultClientConnection] Receiving response: HTTP/1.1 200 
13:23:26,245 DEBUG [HttpClientSupport$SoapUIHttpClient] Connection can be kept alive for 20000 MILLISECONDS
13:23:26,248 DEBUG [HttpClientSupport$SoapUIHttpClient] Stale connection check
13:23:26,254 DEBUG [HttpClientSupport$SoapUIHttpClient] Attempt 1 to execute request
13:23:26,254 DEBUG [SoapUIMultiThreadedHttpConnectionManager$SoapUIDefaultClientConnection] Sending request: POST /logicaldoc/services/Bookmark HTTP/1.1
13:23:26,263 DEBUG [SoapUIMultiThreadedHttpConnectionManager$SoapUIDefaultClientConnection] Receiving response: HTTP/1.1 200 
13:23:26,263 DEBUG [HttpClientSupport$SoapUIHttpClient] Connection can be kept alive for 20000 MILLISECONDS
13:23:26,265 DEBUG [HttpClientSupport$SoapUIHttpClient] Stale connection check
13:23:26,270 DEBUG [HttpClientSupport$SoapUIHttpClient] Attempt 1 to execute request
13:23:26,270 DEBUG [SoapUIMultiThreadedHttpConnectionManager$SoapUIDefaultClientConnection] Sending request: POST /logicaldoc/services/Bookmark HTTP/1.1
13:23:26,275 DEBUG [SoapUIMultiThreadedHttpConnectionManager$SoapUIDefaultClientConnection] Receiving response: HTTP/1.1 200 
13:23:26,275 DEBUG [HttpClientSupport$SoapUIHttpClient] Connection can be kept alive for 20000 MILLISECONDS
]]></system-out>
    <system-err><![CDATA[déc. 10, 2021 1:23:26 PM eql.logicaldoc.LogicaldocTest LogicalDocTest_Bookmarks
INFOS: Running LOGICALDOC Bookmarks APIs tests
déc. 10, 2021 1:23:26 PM eql.logicaldoc.LogicaldocTest LogicalDocTest_Bookmarks
INFOS: ******Running BOOKMARK_DOCUMENT***********
déc. 10, 2021 1:23:26 PM eql.logicaldoc.LogicaldocTest LogicalDocTest_Bookmarks
INFOS: ******Running BOOKMARK_DOCUMENT***********
[Fatal Error] Document?wsdl:1:43: Le balisage du document précédant l'élément racine doit avoir un format correct.
com.eviware.soapui.impl.support.definition.support.InvalidDefinitionException
	at com.eviware.soapui.impl.wsdl.support.wsdl.WsdlInterfaceDefinition.load(WsdlInterfaceDefinition.java:52)
	at com.eviware.soapui.impl.wsdl.support.wsdl.WsdlContext.loadDefinition(WsdlContext.java:62)
	at com.eviware.soapui.impl.wsdl.support.wsdl.WsdlContext.loadDefinition(WsdlContext.java:34)
	at com.eviware.soapui.impl.support.definition.support.AbstractDefinitionContext.cacheDefinition(AbstractDefinitionContext.java:245)
	at com.eviware.soapui.impl.support.definition.support.AbstractDefinitionContext.access$400(AbstractDefinitionContext.java:47)
	at com.eviware.soapui.impl.support.definition.support.AbstractDefinitionContext$Loader.construct(AbstractDefinitionContext.java:218)
	at com.eviware.soapui.support.swing.SwingWorkerDelegator.construct(SwingWorkerDelegator.java:46)
	at com.eviware.soapui.support.swing.SwingWorker$2.run(SwingWorker.java:131)
	at java.lang.Thread.run(Thread.java:748)
com.eviware.soapui.impl.support.definition.support.InvalidDefinitionException
	at com.eviware.soapui.impl.wsdl.support.wsdl.WsdlInterfaceDefinition.load(WsdlInterfaceDefinition.java:52)
	at com.eviware.soapui.impl.wsdl.support.wsdl.WsdlContext.loadDefinition(WsdlContext.java:62)
	at com.eviware.soapui.impl.wsdl.support.wsdl.WsdlContext.loadDefinition(WsdlContext.java:34)
	at com.eviware.soapui.impl.support.definition.support.AbstractDefinitionContext.cacheDefinition(AbstractDefinitionContext.java:245)
	at com.eviware.soapui.impl.support.definition.support.AbstractDefinitionContext.access$400(AbstractDefinitionContext.java:47)
	at com.eviware.soapui.impl.support.definition.support.AbstractDefinitionContext$Loader.construct(AbstractDefinitionContext.java:218)
	at com.eviware.soapui.support.swing.SwingWorkerDelegator.construct(SwingWorkerDelegator.java:46)
	at com.eviware.soapui.support.swing.SwingWorker$2.run(SwingWorker.java:131)
	at java.lang.Thread.run(Thread.java:748)
[Fatal Error] Document?wsdl:1:43: Le balisage du document précédant l'élément racine doit avoir un format correct.
com.eviware.soapui.impl.support.definition.support.InvalidDefinitionException
	at com.eviware.soapui.impl.wsdl.support.wsdl.WsdlInterfaceDefinition.load(WsdlInterfaceDefinition.java:52)
	at com.eviware.soapui.impl.wsdl.support.wsdl.WsdlContext.loadDefinition(WsdlContext.java:62)
	at com.eviware.soapui.impl.wsdl.support.wsdl.WsdlContext.loadDefinition(WsdlContext.java:34)
	at com.eviware.soapui.impl.support.definition.support.AbstractDefinitionContext.cacheDefinition(AbstractDefinitionContext.java:245)
	at com.eviware.soapui.impl.support.definition.support.AbstractDefinitionContext.access$400(AbstractDefinitionContext.java:47)
	at com.eviware.soapui.impl.support.definition.support.AbstractDefinitionContext$Loader.construct(AbstractDefinitionContext.java:218)
	at com.eviware.soapui.support.swing.SwingWorkerDelegator.construct(SwingWorkerDelegator.java:46)
	at com.eviware.soapui.support.swing.SwingWorker$2.run(SwingWorker.java:131)
	at java.lang.Thread.run(Thread.java:748)
]]></system-err>
  </testcase>
</testsuite>