<?xml version="1.0" encoding="UTF-8"?>
<testsuite xmlns:xsi="http://www.w3.org/2001/XMLSchema-instance" xsi:noNamespaceSchemaLocation="https://maven.apache.org/surefire/maven-surefire-plugin/xsd/surefire-test-report-3.0.xsd" version="3.0" name="eql.logicaldoc.LogicaldocTest" time="3.918" tests="3" errors="0" skipped="0" failures="0">
  <properties>
    <property name="sun.desktop" value="windows"/>
    <property name="awt.toolkit" value="sun.awt.windows.WToolkit"/>
    <property name="file.encoding.pkg" value="sun.io"/>
    <property name="java.specification.version" value="1.8"/>
    <property name="sun.cpu.isalist" value="amd64"/>
    <property name="sun.jnu.encoding" value="Cp1252"/>
    <property name="sun.awt.enableExtraMouseButtons" value="true"/>
    <property name="java.class.path" value="C:\Users\formation\Documents\Projet_Libreplan_Logicaldoc\logicaldoc\target\test-classes;C:\Users\formation\Documents\Projet_Libreplan_Logicaldoc\logicaldoc\target\classes;C:\Users\formation\.m2\repository\junit\junit\4.13.1\junit-4.13.1.jar;C:\Users\formation\.m2\repository\org\hamcrest\hamcrest-core\1.3\hamcrest-core-1.3.jar;C:\Installation\SmartBear\SoapUI-5.4.0\bin\soapui-5.4.0.jar;C:\Users\formation\.m2\repository\log4j\log4j\1.2.12\log4j-1.2.12.jar;C:\Installation\SmartBear\SoapUI-5.4.0\lib\xbean-fixed-2.4.0.jar;C:\Users\formation\.m2\repository\net\sf\squirrel-sql\thirdparty-non-maven\com-fifesoft-rsyntaxtextarea\1.0.0\com-fifesoft-rsyntaxtextarea-1.0.0.jar;C:\Installation\SmartBear\SoapUI-5.4.0\lib\commons-cli-1.2.jar;C:\Installation\SmartBear\SoapUI-5.4.0\lib\commons-io-2.4.jar;C:\Users\formation\.m2\repository\org\apache\httpcomponents\httpclient\4.1.1\httpclient-4.1.1.jar;C:\Users\formation\.m2\repository\org\apache\httpcomponents\httpcore\4.1\httpcore-4.1.jar;C:\Users\formation\.m2\repository\commons-logging\commons-logging\1.1.1\commons-logging-1.1.1.jar;C:\Users\formation\.m2\repository\commons-codec\commons-codec\1.4\commons-codec-1.4.jar;C:\Installation\SmartBear\SoapUI-5.4.0\lib\proxy-vole-20131209.jar;C:\Users\formation\.m2\repository\xalan\xalan\2.7.0\xalan-2.7.0.jar;C:\Users\formation\.m2\repository\xml-apis\xml-apis\1.0.b2\xml-apis-1.0.b2.jar;C:\Users\formation\.m2\repository\org\reflections\reflections\0.9.9-RC1\reflections-0.9.9-RC1.jar;C:\Users\formation\.m2\repository\com\google\guava\guava\11.0.2\guava-11.0.2.jar;C:\Users\formation\.m2\repository\com\google\code\findbugs\jsr305\1.3.9\jsr305-1.3.9.jar;C:\Users\formation\.m2\repository\org\javassist\javassist\3.16.1-GA\javassist-3.16.1-GA.jar;C:\Users\formation\.m2\repository\dom4j\dom4j\1.6.1\dom4j-1.6.1.jar;C:\Users\formation\.m2\repository\org\codehaus\groovy\groovy-all\2.4.4\groovy-all-2.4.4.jar;C:\Users\formation\.m2\repository\commons-lang\commons-lang\2.4\commons-lang-2.4.jar;C:\Users\formation\.m2\repository\org\bouncycastle\bcprov-jdk16\1.45\bcprov-jdk16-1.45.jar;C:\Users\formation\.m2\repository\wsdl4j\wsdl4j\1.6.2\wsdl4j-1.6.2.jar;C:\Users\formation\.m2\repository\com\jgoodies\jgoodies-forms\1.6.0\jgoodies-forms-1.6.0.jar;C:\Users\formation\.m2\repository\com\jgoodies\jgoodies-common\1.4.0\jgoodies-common-1.4.0.jar;C:\Users\formation\.m2\repository\xmlunit\xmlunit\1.2\xmlunit-1.2.jar;C:\Users\formation\.m2\repository\org\apache\flex\blazeds\flex-messaging-core\4.7.0\flex-messaging-core-4.7.0.jar;C:\Users\formation\.m2\repository\org\apache\flex\blazeds\flex-messaging-common\4.7.0\flex-messaging-common-4.7.0.jar;C:\Installation\Java\jdk1.8.0_152\lib\tools.jar;C:\Installation\SmartBear\SoapUI-5.4.0\lib\commons-collections-3.2.2.jar;C:\Installation\SmartBear\SoapUI-5.4.0\lib\jms-1.1.jar;C:\Users\formation\.m2\repository\javax\mail\mail\1.4\mail-1.4.jar;C:\Users\formation\.m2\repository\javax\activation\activation\1.1\activation-1.1.jar;C:\Users\formation\.m2\repository\commons-beanutils\commons-beanutils\1.7.0\commons-beanutils-1.7.0.jar;C:\Users\formation\.m2\repository\org\apache\logging\log4j\log4j-api\2.14.1\log4j-api-2.14.1.jar;C:\Users\formation\.m2\repository\org\apache\logging\log4j\log4j-core\2.14.1\log4j-core-2.14.1.jar;C:\Users\formation\.m2\repository\org\apache\logging\log4j\log4j-slf4j-impl\2.14.1\log4j-slf4j-impl-2.14.1.jar;C:\Users\formation\.m2\repository\org\slf4j\slf4j-api\1.7.25\slf4j-api-1.7.25.jar;C:\Installation\SmartBear\SoapUI-5.4.0\lib\analytics-core-5.4.0.jar;C:\Installation\SmartBear\SoapUI-5.4.0\lib\out-app-analytics-provider-5.4.0.jar;C:\Installation\SmartBear\SoapUI-5.4.0\lib\json-lib-2.2.2-jdk15.jar;C:\Users\formation\.m2\repository\org\apache\xmlbeans\xmlbeans-xpath\2.4.0\xmlbeans-xpath-2.4.0.jar;C:\Users\formation\.m2\repository\org\apache\xmlbeans\xmlbeans\2.4.0\xmlbeans-2.4.0.jar;C:\Users\formation\.m2\repository\stax\stax-api\1.0.1\stax-api-1.0.1.jar;C:\Users\formation\.m2\repository\net\sf\saxon\saxon-xpath\8.7\saxon-xpath-8.7.jar;C:\Installation\SmartBear\SoapUI-5.4.0\lib\saxon-9.1.0.8j.jar;C:\Installation\SmartBear\SoapUI-5.4.0\lib\saxon-dom-9.1.0.8j.jar;"/>
    <property name="java.vm.vendor" value="Oracle Corporation"/>
    <property name="sun.arch.data.model" value="64"/>
    <property name="user.variant" value=""/>
    <property name="java.vendor.url" value="http://java.oracle.com/"/>
    <property name="user.timezone" value="Europe/Paris"/>
    <property name="java.vm.specification.version" value="1.8"/>
    <property name="os.name" value="Windows 10"/>
    <property name="user.country" value="FR"/>
    <property name="sun.java.launcher" value="SUN_STANDARD"/>
    <property name="sun.boot.library.path" value="C:\Installation\Java\jdk1.8.0_152\jre\bin"/>
    <property name="sun.java.command" value="C:\Users\formation\AppData\Local\Temp\surefire1346601262664778560\surefirebooter1152198360897857635.jar C:\Users\formation\AppData\Local\Temp\surefire1346601262664778560 2021-12-13T10-12-07_778-jvmRun1 surefire293337129194386722tmp surefire_07244565699657910891tmp"/>
    <property name="surefire.test.class.path" value="C:\Users\formation\Documents\Projet_Libreplan_Logicaldoc\logicaldoc\target\test-classes;C:\Users\formation\Documents\Projet_Libreplan_Logicaldoc\logicaldoc\target\classes;C:\Users\formation\.m2\repository\junit\junit\4.13.1\junit-4.13.1.jar;C:\Users\formation\.m2\repository\org\hamcrest\hamcrest-core\1.3\hamcrest-core-1.3.jar;C:\Installation\SmartBear\SoapUI-5.4.0\bin\soapui-5.4.0.jar;C:\Users\formation\.m2\repository\log4j\log4j\1.2.12\log4j-1.2.12.jar;C:\Installation\SmartBear\SoapUI-5.4.0\lib\xbean-fixed-2.4.0.jar;C:\Users\formation\.m2\repository\net\sf\squirrel-sql\thirdparty-non-maven\com-fifesoft-rsyntaxtextarea\1.0.0\com-fifesoft-rsyntaxtextarea-1.0.0.jar;C:\Installation\SmartBear\SoapUI-5.4.0\lib\commons-cli-1.2.jar;C:\Installation\SmartBear\SoapUI-5.4.0\lib\commons-io-2.4.jar;C:\Users\formation\.m2\repository\org\apache\httpcomponents\httpclient\4.1.1\httpclient-4.1.1.jar;C:\Users\formation\.m2\repository\org\apache\httpcomponents\httpcore\4.1\httpcore-4.1.jar;C:\Users\formation\.m2\repository\commons-logging\commons-logging\1.1.1\commons-logging-1.1.1.jar;C:\Users\formation\.m2\repository\commons-codec\commons-codec\1.4\commons-codec-1.4.jar;C:\Installation\SmartBear\SoapUI-5.4.0\lib\proxy-vole-20131209.jar;C:\Users\formation\.m2\repository\xalan\xalan\2.7.0\xalan-2.7.0.jar;C:\Users\formation\.m2\repository\xml-apis\xml-apis\1.0.b2\xml-apis-1.0.b2.jar;C:\Users\formation\.m2\repository\org\reflections\reflections\0.9.9-RC1\reflections-0.9.9-RC1.jar;C:\Users\formation\.m2\repository\com\google\guava\guava\11.0.2\guava-11.0.2.jar;C:\Users\formation\.m2\repository\com\google\code\findbugs\jsr305\1.3.9\jsr305-1.3.9.jar;C:\Users\formation\.m2\repository\org\javassist\javassist\3.16.1-GA\javassist-3.16.1-GA.jar;C:\Users\formation\.m2\repository\dom4j\dom4j\1.6.1\dom4j-1.6.1.jar;C:\Users\formation\.m2\repository\org\codehaus\groovy\groovy-all\2.4.4\groovy-all-2.4.4.jar;C:\Users\formation\.m2\repository\commons-lang\commons-lang\2.4\commons-lang-2.4.jar;C:\Users\formation\.m2\repository\org\bouncycastle\bcprov-jdk16\1.45\bcprov-jdk16-1.45.jar;C:\Users\formation\.m2\repository\wsdl4j\wsdl4j\1.6.2\wsdl4j-1.6.2.jar;C:\Users\formation\.m2\repository\com\jgoodies\jgoodies-forms\1.6.0\jgoodies-forms-1.6.0.jar;C:\Users\formation\.m2\repository\com\jgoodies\jgoodies-common\1.4.0\jgoodies-common-1.4.0.jar;C:\Users\formation\.m2\repository\xmlunit\xmlunit\1.2\xmlunit-1.2.jar;C:\Users\formation\.m2\repository\org\apache\flex\blazeds\flex-messaging-core\4.7.0\flex-messaging-core-4.7.0.jar;C:\Users\formation\.m2\repository\org\apache\flex\blazeds\flex-messaging-common\4.7.0\flex-messaging-common-4.7.0.jar;C:\Installation\Java\jdk1.8.0_152\lib\tools.jar;C:\Installation\SmartBear\SoapUI-5.4.0\lib\commons-collections-3.2.2.jar;C:\Installation\SmartBear\SoapUI-5.4.0\lib\jms-1.1.jar;C:\Users\formation\.m2\repository\javax\mail\mail\1.4\mail-1.4.jar;C:\Users\formation\.m2\repository\javax\activation\activation\1.1\activation-1.1.jar;C:\Users\formation\.m2\repository\commons-beanutils\commons-beanutils\1.7.0\commons-beanutils-1.7.0.jar;C:\Users\formation\.m2\repository\org\apache\logging\log4j\log4j-api\2.14.1\log4j-api-2.14.1.jar;C:\Users\formation\.m2\repository\org\apache\logging\log4j\log4j-core\2.14.1\log4j-core-2.14.1.jar;C:\Users\formation\.m2\repository\org\apache\logging\log4j\log4j-slf4j-impl\2.14.1\log4j-slf4j-impl-2.14.1.jar;C:\Users\formation\.m2\repository\org\slf4j\slf4j-api\1.7.25\slf4j-api-1.7.25.jar;C:\Installation\SmartBear\SoapUI-5.4.0\lib\analytics-core-5.4.0.jar;C:\Installation\SmartBear\SoapUI-5.4.0\lib\out-app-analytics-provider-5.4.0.jar;C:\Installation\SmartBear\SoapUI-5.4.0\lib\json-lib-2.2.2-jdk15.jar;C:\Users\formation\.m2\repository\org\apache\xmlbeans\xmlbeans-xpath\2.4.0\xmlbeans-xpath-2.4.0.jar;C:\Users\formation\.m2\repository\org\apache\xmlbeans\xmlbeans\2.4.0\xmlbeans-2.4.0.jar;C:\Users\formation\.m2\repository\stax\stax-api\1.0.1\stax-api-1.0.1.jar;C:\Users\formation\.m2\repository\net\sf\saxon\saxon-xpath\8.7\saxon-xpath-8.7.jar;C:\Installation\SmartBear\SoapUI-5.4.0\lib\saxon-9.1.0.8j.jar;C:\Installation\SmartBear\SoapUI-5.4.0\lib\saxon-dom-9.1.0.8j.jar;"/>
    <property name="sun.cpu.endian" value="little"/>
    <property name="user.home" value="C:\Users\formation"/>
    <property name="user.language" value="fr"/>
    <property name="java.specification.vendor" value="Oracle Corporation"/>
    <property name="java.home" value="C:\Installation\Java\jdk1.8.0_152\jre"/>
    <property name="basedir" value="C:\Users\formation\Documents\Projet_Libreplan_Logicaldoc\logicaldoc"/>
    <property name="file.separator" value="\"/>
    <property name="line.separator" value="&#10;"/>
    <property name="java.vm.specification.vendor" value="Oracle Corporation"/>
    <property name="java.specification.name" value="Java Platform API Specification"/>
    <property name="java.awt.graphicsenv" value="sun.awt.Win32GraphicsEnvironment"/>
    <property name="surefire.real.class.path" value="C:\Users\formation\AppData\Local\Temp\surefire1346601262664778560\surefirebooter1152198360897857635.jar"/>
    <property name="sun.boot.class.path" value="C:\Installation\Java\jdk1.8.0_152\jre\lib\resources.jar;C:\Installation\Java\jdk1.8.0_152\jre\lib\rt.jar;C:\Installation\Java\jdk1.8.0_152\jre\lib\sunrsasign.jar;C:\Installation\Java\jdk1.8.0_152\jre\lib\jsse.jar;C:\Installation\Java\jdk1.8.0_152\jre\lib\jce.jar;C:\Installation\Java\jdk1.8.0_152\jre\lib\charsets.jar;C:\Installation\Java\jdk1.8.0_152\jre\lib\jfr.jar;C:\Installation\Java\jdk1.8.0_152\jre\classes"/>
    <property name="user.script" value=""/>
    <property name="sun.management.compiler" value="HotSpot 64-Bit Tiered Compilers"/>
    <property name="java.runtime.version" value="1.8.0_152-b16"/>
    <property name="user.name" value="formation"/>
    <property name="path.separator" value=";"/>
    <property name="os.version" value="10.0"/>
    <property name="java.endorsed.dirs" value="C:\Installation\Java\jdk1.8.0_152\jre\lib\endorsed"/>
    <property name="java.runtime.name" value="Java(TM) SE Runtime Environment"/>
    <property name="file.encoding" value="Cp1252"/>
    <property name="java.vm.name" value="Java HotSpot(TM) 64-Bit Server VM"/>
    <property name="localRepository" value="C:\Users\formation\.m2\repository"/>
    <property name="java.vendor.url.bug" value="http://bugreport.sun.com/bugreport/"/>
    <property name="java.io.tmpdir" value="C:\Users\FORMAT~1\AppData\Local\Temp\"/>
    <property name="java.version" value="1.8.0_152"/>
    <property name="user.dir" value="C:\Users\formation\Documents\Projet_Libreplan_Logicaldoc\logicaldoc"/>
    <property name="os.arch" value="amd64"/>
    <property name="java.vm.specification.name" value="Java Virtual Machine Specification"/>
    <property name="java.awt.printerjob" value="sun.awt.windows.WPrinterJob"/>
    <property name="sun.os.patch.level" value=""/>
    <property name="java.library.path" value="C:\Installation\Java\jdk1.8.0_152\jre\bin;C:\WINDOWS\Sun\Java\bin;C:\WINDOWS\system32;C:\WINDOWS;C:\ProgramData\Oracle\Java\javapath;C:\Installation\Java\jdk1.8.0_152\bin;C:\Program Files (x86)\apache-maven-3.6.3\bin;C:\Program Files (x86)\apache-maven-3.6.3\bin;C:\Users\formation\AppData\Local\Android\Sdk\tools;C:\Users\formation\AppData\Local\Android\Sdk\platform-tools;C:\WINDOWS\system32;C:\WINDOWS;C:\WINDOWS\System32\Wbem;C:\WINDOWS\System32\WindowsPowerShell\v1.0\;C:\WINDOWS\System32\OpenSSH\;C:\Installation\wamp\bin\mysql\mysql5.1.36\bin;C:\INSTAL~1\Groovy\GROOVY~1.15\bin;C:\ProgramData\chocolatey\bin;C:\Program Files\Git\cmd;C:\Users\formation\AppData\Local\Microsoft\WindowsApps;;."/>
    <property name="java.vm.info" value="mixed mode"/>
    <property name="java.vendor" value="Oracle Corporation"/>
    <property name="java.vm.version" value="25.152-b16"/>
    <property name="java.ext.dirs" value="C:\Installation\Java\jdk1.8.0_152\jre\lib\ext;C:\WINDOWS\Sun\Java\lib\ext"/>
    <property name="sun.io.unicode.encoding" value="UnicodeLittle"/>
    <property name="java.class.version" value="52.0"/>
  </properties>
  <testcase name="LogicalDocTest_Docs_And_Search" classname="eql.logicaldoc.LogicaldocTest" time="3.415">
    <system-out><![CDATA[10:12:09,039 WARN  [SoapUI] Missing folder [C:\Users\formation\Documents\Projet_Libreplan_Logicaldoc\logicaldoc\ext] for external libraries
10:12:09,234 INFO  [DefaultSoapUICore] initialized soapui-settings from [C:\Users\formation\soapui-settings.xml]
10:12:10,186 INFO  [PluginManager] 0 plugins loaded in 1 ms
10:12:10,186 INFO  [DefaultSoapUICore] All plugins loaded
10:12:10,741 INFO  [WsdlProject] Loaded project from [file:/C:/Users/formation/Documents/Projet_Libreplan_Logicaldoc/logicaldoc/src/test/resources/UPDATED_JN_Logicaldoc-soapui-project.xml]
10:12:10,846 DEBUG [HttpClientSupport$SoapUIHttpClient] Attempt 1 to execute request
10:12:10,847 DEBUG [SoapUIMultiThreadedHttpConnectionManager$SoapUIDefaultClientConnection] Sending request: POST /logicaldoc/services/Auth HTTP/1.1
10:12:10,865 DEBUG [SoapUIMultiThreadedHttpConnectionManager$SoapUIDefaultClientConnection] Receiving response: HTTP/1.1 200 
10:12:10,869 DEBUG [HttpClientSupport$SoapUIHttpClient] Connection can be kept alive for 20000 MILLISECONDS
Progress: 1 - Loading Definition from cache
10:12:11,526 DEBUG [AbstractDefinitionContext] Loading Definition...
10:12:11,536 DEBUG [WsdlInterfaceDefinition] Loading WSDL: file:/C:/Users/formation/Desktop/Document.wsdl
10:12:11,536 DEBUG [AbstractWsdlDefinitionLoader] Returning baseInputSource [file:/C:/Users/formation/Desktop/Document.wsdl]
Retrieving document at 'file:/C:/Users/formation/Desktop/Document.wsdl'.
10:12:11,551 ERROR [SoapUI] An error occurred [com.eviware.soapui.impl.support.definition.support.InvalidDefinitionException], see error log for details
10:12:11,554 ERROR [SoapUI] An error occurred [com.eviware.soapui.impl.support.definition.support.InvalidDefinitionException], see error log for details
10:12:11,555 WARN  [SoapUI] Failed to process inline/MTOM attachments; java.lang.Exception: Missing operation [create] in wsdl definition
Progress: 1 - Loading Definition from cache
10:12:11,563 DEBUG [AbstractDefinitionContext] Loading Definition...
10:12:11,563 DEBUG [WsdlInterfaceDefinition] Loading WSDL: file:/C:/Users/formation/Desktop/Document.wsdl
10:12:11,563 DEBUG [AbstractWsdlDefinitionLoader] Returning baseInputSource [file:/C:/Users/formation/Desktop/Document.wsdl]
Retrieving document at 'file:/C:/Users/formation/Desktop/Document.wsdl'.
10:12:11,569 ERROR [SoapUI] An error occurred [com.eviware.soapui.impl.support.definition.support.InvalidDefinitionException], see error log for details
10:12:11,569 WARN  [AttachmentUtils] 
10:12:11,586 DEBUG [HttpClientSupport$SoapUIHttpClient] Stale connection check
10:12:11,604 DEBUG [HttpClientSupport$SoapUIHttpClient] Attempt 1 to execute request
10:12:11,605 DEBUG [SoapUIMultiThreadedHttpConnectionManager$SoapUIDefaultClientConnection] Sending request: POST /logicaldoc/services/Document HTTP/1.1
10:12:11,638 DEBUG [SoapUIMultiThreadedHttpConnectionManager$SoapUIDefaultClientConnection] Receiving response: HTTP/1.1 200 
10:12:11,638 DEBUG [HttpClientSupport$SoapUIHttpClient] Connection can be kept alive for 20000 MILLISECONDS
Progress: 1 - Loading Definition from cache
10:12:11,669 DEBUG [AbstractDefinitionContext] Loading Definition...
10:12:11,669 DEBUG [WsdlInterfaceDefinition] Loading WSDL: file:/C:/Users/formation/Desktop/Document.wsdl
10:12:11,669 DEBUG [AbstractWsdlDefinitionLoader] Returning baseInputSource [file:/C:/Users/formation/Desktop/Document.wsdl]
Retrieving document at 'file:/C:/Users/formation/Desktop/Document.wsdl'.
10:12:11,673 ERROR [SoapUI] An error occurred [com.eviware.soapui.impl.support.definition.support.InvalidDefinitionException], see error log for details
10:12:11,673 ERROR [SoapUI] An error occurred [com.eviware.soapui.impl.support.definition.support.InvalidDefinitionException], see error log for details
10:12:11,674 WARN  [SoapUI] Failed to process inline/MTOM attachments; java.lang.Exception: Missing operation [create] in wsdl definition
Progress: 1 - Loading Definition from cache
10:12:11,674 DEBUG [AbstractDefinitionContext] Loading Definition...
10:12:11,675 DEBUG [WsdlInterfaceDefinition] Loading WSDL: file:/C:/Users/formation/Desktop/Document.wsdl
10:12:11,675 DEBUG [AbstractWsdlDefinitionLoader] Returning baseInputSource [file:/C:/Users/formation/Desktop/Document.wsdl]
Retrieving document at 'file:/C:/Users/formation/Desktop/Document.wsdl'.
10:12:11,681 ERROR [SoapUI] An error occurred [com.eviware.soapui.impl.support.definition.support.InvalidDefinitionException], see error log for details
10:12:11,682 WARN  [AttachmentUtils] 
10:12:11,683 DEBUG [HttpClientSupport$SoapUIHttpClient] Stale connection check
10:12:11,693 DEBUG [HttpClientSupport$SoapUIHttpClient] Attempt 1 to execute request
10:12:11,693 DEBUG [SoapUIMultiThreadedHttpConnectionManager$SoapUIDefaultClientConnection] Sending request: POST /logicaldoc/services/Document HTTP/1.1
10:12:11,696 DEBUG [SoapUIMultiThreadedHttpConnectionManager$SoapUIDefaultClientConnection] Receiving response: HTTP/1.1 500 
10:12:11,696 DEBUG [SoapUIMultiThreadedHttpConnectionManager$SoapUIDefaultClientConnection] Connection shut down
10:12:11,700 DEBUG [HttpClientSupport$SoapUIHttpClient] Attempt 1 to execute request
10:12:11,700 DEBUG [SoapUIMultiThreadedHttpConnectionManager$SoapUIDefaultClientConnection] Sending request: POST /logicaldoc/services/Document HTTP/1.1
10:12:11,708 DEBUG [SoapUIMultiThreadedHttpConnectionManager$SoapUIDefaultClientConnection] Receiving response: HTTP/1.1 200 
10:12:11,708 DEBUG [HttpClientSupport$SoapUIHttpClient] Connection can be kept alive for 20000 MILLISECONDS
10:12:11,710 DEBUG [HttpClientSupport$SoapUIHttpClient] Stale connection check
10:12:11,724 DEBUG [HttpClientSupport$SoapUIHttpClient] Attempt 1 to execute request
10:12:11,724 DEBUG [SoapUIMultiThreadedHttpConnectionManager$SoapUIDefaultClientConnection] Sending request: POST /logicaldoc/services/Document HTTP/1.1
10:12:11,752 DEBUG [SoapUIMultiThreadedHttpConnectionManager$SoapUIDefaultClientConnection] Receiving response: HTTP/1.1 500 
10:12:11,753 DEBUG [SoapUIMultiThreadedHttpConnectionManager$SoapUIDefaultClientConnection] Connection shut down
10:12:11,764 DEBUG [HttpClientSupport$SoapUIHttpClient] Attempt 1 to execute request
10:12:11,764 DEBUG [SoapUIMultiThreadedHttpConnectionManager$SoapUIDefaultClientConnection] Sending request: POST /logicaldoc/services/Document HTTP/1.1
10:12:11,789 DEBUG [SoapUIMultiThreadedHttpConnectionManager$SoapUIDefaultClientConnection] Receiving response: HTTP/1.1 200 
10:12:11,789 DEBUG [HttpClientSupport$SoapUIHttpClient] Connection can be kept alive for 20000 MILLISECONDS
10:12:11,796 DEBUG [HttpClientSupport$SoapUIHttpClient] Stale connection check
10:12:11,802 DEBUG [HttpClientSupport$SoapUIHttpClient] Attempt 1 to execute request
10:12:11,802 DEBUG [SoapUIMultiThreadedHttpConnectionManager$SoapUIDefaultClientConnection] Sending request: POST /logicaldoc/services/Document HTTP/1.1
10:12:11,825 DEBUG [SoapUIMultiThreadedHttpConnectionManager$SoapUIDefaultClientConnection] Receiving response: HTTP/1.1 200 
10:12:11,825 DEBUG [HttpClientSupport$SoapUIHttpClient] Connection can be kept alive for 20000 MILLISECONDS
10:12:11,829 DEBUG [HttpClientSupport$SoapUIHttpClient] Stale connection check
10:12:11,834 DEBUG [HttpClientSupport$SoapUIHttpClient] Attempt 1 to execute request
10:12:11,834 DEBUG [SoapUIMultiThreadedHttpConnectionManager$SoapUIDefaultClientConnection] Sending request: POST /logicaldoc/services/Document HTTP/1.1
10:12:11,841 DEBUG [SoapUIMultiThreadedHttpConnectionManager$SoapUIDefaultClientConnection] Receiving response: HTTP/1.1 200 
10:12:11,841 DEBUG [HttpClientSupport$SoapUIHttpClient] Connection can be kept alive for 20000 MILLISECONDS
10:12:11,845 DEBUG [HttpClientSupport$SoapUIHttpClient] Stale connection check
10:12:11,850 DEBUG [HttpClientSupport$SoapUIHttpClient] Attempt 1 to execute request
10:12:11,850 DEBUG [SoapUIMultiThreadedHttpConnectionManager$SoapUIDefaultClientConnection] Sending request: POST /logicaldoc/services/Auth HTTP/1.1
10:12:11,888 DEBUG [SoapUIMultiThreadedHttpConnectionManager$SoapUIDefaultClientConnection] Receiving response: HTTP/1.1 200 
10:12:11,888 DEBUG [HttpClientSupport$SoapUIHttpClient] Connection can be kept alive for 20000 MILLISECONDS
10:12:11,914 DEBUG [HttpClientSupport$SoapUIHttpClient] Stale connection check
10:12:11,929 DEBUG [HttpClientSupport$SoapUIHttpClient] Attempt 1 to execute request
10:12:11,929 DEBUG [SoapUIMultiThreadedHttpConnectionManager$SoapUIDefaultClientConnection] Sending request: POST /logicaldoc/services/Document HTTP/1.1
10:12:11,949 DEBUG [SoapUIMultiThreadedHttpConnectionManager$SoapUIDefaultClientConnection] Receiving response: HTTP/1.1 200 
10:12:11,949 DEBUG [HttpClientSupport$SoapUIHttpClient] Connection can be kept alive for 20000 MILLISECONDS
10:12:11,977 DEBUG [HttpClientSupport$SoapUIHttpClient] Stale connection check
10:12:11,993 DEBUG [HttpClientSupport$SoapUIHttpClient] Attempt 1 to execute request
10:12:11,993 DEBUG [SoapUIMultiThreadedHttpConnectionManager$SoapUIDefaultClientConnection] Sending request: POST /logicaldoc/services/Document HTTP/1.1
10:12:12,091 DEBUG [SoapUIMultiThreadedHttpConnectionManager$SoapUIDefaultClientConnection] Receiving response: HTTP/1.1 200 
10:12:12,091 DEBUG [HttpClientSupport$SoapUIHttpClient] Connection can be kept alive for 20000 MILLISECONDS
10:12:12,093 DEBUG [HttpClientSupport$SoapUIHttpClient] Stale connection check
10:12:12,103 DEBUG [HttpClientSupport$SoapUIHttpClient] Attempt 1 to execute request
10:12:12,103 DEBUG [SoapUIMultiThreadedHttpConnectionManager$SoapUIDefaultClientConnection] Sending request: POST /logicaldoc/services/Search HTTP/1.1
10:12:12,147 DEBUG [SoapUIMultiThreadedHttpConnectionManager$SoapUIDefaultClientConnection] Receiving response: HTTP/1.1 200 
10:12:12,148 DEBUG [HttpClientSupport$SoapUIHttpClient] Connection can be kept alive for 20000 MILLISECONDS
10:12:12,154 DEBUG [HttpClientSupport$SoapUIHttpClient] Stale connection check
10:12:12,166 DEBUG [HttpClientSupport$SoapUIHttpClient] Attempt 1 to execute request
10:12:12,166 DEBUG [SoapUIMultiThreadedHttpConnectionManager$SoapUIDefaultClientConnection] Sending request: POST /logicaldoc/services/Search HTTP/1.1
10:12:12,174 DEBUG [SoapUIMultiThreadedHttpConnectionManager$SoapUIDefaultClientConnection] Receiving response: HTTP/1.1 200 
10:12:12,174 DEBUG [HttpClientSupport$SoapUIHttpClient] Connection can be kept alive for 20000 MILLISECONDS
10:12:12,177 DEBUG [HttpClientSupport$SoapUIHttpClient] Stale connection check
10:12:12,182 DEBUG [HttpClientSupport$SoapUIHttpClient] Attempt 1 to execute request
10:12:12,182 DEBUG [SoapUIMultiThreadedHttpConnectionManager$SoapUIDefaultClientConnection] Sending request: POST /logicaldoc/services/Search HTTP/1.1
10:12:12,230 DEBUG [SoapUIMultiThreadedHttpConnectionManager$SoapUIDefaultClientConnection] Receiving response: HTTP/1.1 200 
10:12:12,230 DEBUG [HttpClientSupport$SoapUIHttpClient] Connection can be kept alive for 20000 MILLISECONDS
]]></system-out>
    <system-err><![CDATA[déc. 13, 2021 10:12:08 AM eql.logicaldoc.LogicaldocTest LogicalDocTest_Docs_And_Search
INFOS: Running LOGICALDOC Documents and Search APIs tests
SLF4J: Class path contains multiple SLF4J bindings.
SLF4J: Found binding in [jar:file:/C:/Users/formation/.m2/repository/org/apache/logging/log4j/log4j-slf4j-impl/2.14.1/log4j-slf4j-impl-2.14.1.jar!/org/slf4j/impl/StaticLoggerBinder.class]
SLF4J: Found binding in [jar:file:/C:/Installation/SmartBear/SoapUI-5.4.0/lib/slf4j-log4j12-1.6.4.jar!/org/slf4j/impl/StaticLoggerBinder.class]
SLF4J: See http://www.slf4j.org/codes.html#multiple_bindings for an explanation.
SLF4J: Actual binding is of type [org.apache.logging.slf4j.Log4jLoggerFactory]
déc. 13, 2021 10:12:10 AM eql.logicaldoc.LogicaldocTest LogicalDocTest_Docs_And_Search
INFOS: ******Running TestSuite 1***********
déc. 13, 2021 10:12:10 AM eql.logicaldoc.LogicaldocTest LogicalDocTest_Docs_And_Search
INFOS: ******Running TestCase 1***********
[Fatal Error] Document.wsdl:1:43: Le balisage du document précédant l'élément racine doit avoir un format correct.
com.eviware.soapui.impl.support.definition.support.InvalidDefinitionException
	at com.eviware.soapui.impl.wsdl.support.wsdl.WsdlInterfaceDefinition.load(WsdlInterfaceDefinition.java:52)
	at com.eviware.soapui.impl.wsdl.support.wsdl.WsdlContext.loadDefinition(WsdlContext.java:62)
	at com.eviware.soapui.impl.wsdl.support.wsdl.WsdlContext.loadDefinition(WsdlContext.java:34)
	at com.eviware.soapui.impl.support.definition.support.AbstractDefinitionContext.cacheDefinition(AbstractDefinitionContext.java:245)
	at com.eviware.soapui.impl.support.definition.support.AbstractDefinitionContext.access$400(AbstractDefinitionContext.java:47)
	at com.eviware.soapui.impl.support.definition.support.AbstractDefinitionContext$Loader.construct(AbstractDefinitionContext.java:218)
	at com.eviware.soapui.support.swing.SwingWorkerDelegator.construct(SwingWorkerDelegator.java:46)
	at com.eviware.soapui.support.swing.SwingWorker$2.run(SwingWorker.java:131)
	at java.lang.Thread.run(Thread.java:748)
com.eviware.soapui.impl.support.definition.support.InvalidDefinitionException
	at com.eviware.soapui.impl.wsdl.support.wsdl.WsdlInterfaceDefinition.load(WsdlInterfaceDefinition.java:52)
	at com.eviware.soapui.impl.wsdl.support.wsdl.WsdlContext.loadDefinition(WsdlContext.java:62)
	at com.eviware.soapui.impl.wsdl.support.wsdl.WsdlContext.loadDefinition(WsdlContext.java:34)
	at com.eviware.soapui.impl.support.definition.support.AbstractDefinitionContext.cacheDefinition(AbstractDefinitionContext.java:245)
	at com.eviware.soapui.impl.support.definition.support.AbstractDefinitionContext.access$400(AbstractDefinitionContext.java:47)
	at com.eviware.soapui.impl.support.definition.support.AbstractDefinitionContext$Loader.construct(AbstractDefinitionContext.java:218)
	at com.eviware.soapui.support.swing.SwingWorkerDelegator.construct(SwingWorkerDelegator.java:46)
	at com.eviware.soapui.support.swing.SwingWorker$2.run(SwingWorker.java:131)
	at java.lang.Thread.run(Thread.java:748)
[Fatal Error] Document.wsdl:1:43: Le balisage du document précédant l'élément racine doit avoir un format correct.
com.eviware.soapui.impl.support.definition.support.InvalidDefinitionException
	at com.eviware.soapui.impl.wsdl.support.wsdl.WsdlInterfaceDefinition.load(WsdlInterfaceDefinition.java:52)
	at com.eviware.soapui.impl.wsdl.support.wsdl.WsdlContext.loadDefinition(WsdlContext.java:62)
	at com.eviware.soapui.impl.wsdl.support.wsdl.WsdlContext.loadDefinition(WsdlContext.java:34)
	at com.eviware.soapui.impl.support.definition.support.AbstractDefinitionContext.cacheDefinition(AbstractDefinitionContext.java:245)
	at com.eviware.soapui.impl.support.definition.support.AbstractDefinitionContext.access$400(AbstractDefinitionContext.java:47)
	at com.eviware.soapui.impl.support.definition.support.AbstractDefinitionContext$Loader.construct(AbstractDefinitionContext.java:218)
	at com.eviware.soapui.support.swing.SwingWorkerDelegator.construct(SwingWorkerDelegator.java:46)
	at com.eviware.soapui.support.swing.SwingWorker$2.run(SwingWorker.java:131)
	at java.lang.Thread.run(Thread.java:748)
[Fatal Error] Document.wsdl:1:43: Le balisage du document précédant l'élément racine doit avoir un format correct.
com.eviware.soapui.impl.support.definition.support.InvalidDefinitionException
	at com.eviware.soapui.impl.wsdl.support.wsdl.WsdlInterfaceDefinition.load(WsdlInterfaceDefinition.java:52)
	at com.eviware.soapui.impl.wsdl.support.wsdl.WsdlContext.loadDefinition(WsdlContext.java:62)
	at com.eviware.soapui.impl.wsdl.support.wsdl.WsdlContext.loadDefinition(WsdlContext.java:34)
	at com.eviware.soapui.impl.support.definition.support.AbstractDefinitionContext.cacheDefinition(AbstractDefinitionContext.java:245)
	at com.eviware.soapui.impl.support.definition.support.AbstractDefinitionContext.access$400(AbstractDefinitionContext.java:47)
	at com.eviware.soapui.impl.support.definition.support.AbstractDefinitionContext$Loader.construct(AbstractDefinitionContext.java:218)
	at com.eviware.soapui.support.swing.SwingWorkerDelegator.construct(SwingWorkerDelegator.java:46)
	at com.eviware.soapui.support.swing.SwingWorker$2.run(SwingWorker.java:131)
	at java.lang.Thread.run(Thread.java:748)
com.eviware.soapui.impl.support.definition.support.InvalidDefinitionException
	at com.eviware.soapui.impl.wsdl.support.wsdl.WsdlInterfaceDefinition.load(WsdlInterfaceDefinition.java:52)
	at com.eviware.soapui.impl.wsdl.support.wsdl.WsdlContext.loadDefinition(WsdlContext.java:62)
	at com.eviware.soapui.impl.wsdl.support.wsdl.WsdlContext.loadDefinition(WsdlContext.java:34)
	at com.eviware.soapui.impl.support.definition.support.AbstractDefinitionContext.cacheDefinition(AbstractDefinitionContext.java:245)
	at com.eviware.soapui.impl.support.definition.support.AbstractDefinitionContext.access$400(AbstractDefinitionContext.java:47)
	at com.eviware.soapui.impl.support.definition.support.AbstractDefinitionContext$Loader.construct(AbstractDefinitionContext.java:218)
	at com.eviware.soapui.support.swing.SwingWorkerDelegator.construct(SwingWorkerDelegator.java:46)
	at com.eviware.soapui.support.swing.SwingWorker$2.run(SwingWorker.java:131)
	at java.lang.Thread.run(Thread.java:748)
[Fatal Error] Document.wsdl:1:43: Le balisage du document précédant l'élément racine doit avoir un format correct.
com.eviware.soapui.impl.support.definition.support.InvalidDefinitionException
	at com.eviware.soapui.impl.wsdl.support.wsdl.WsdlInterfaceDefinition.load(WsdlInterfaceDefinition.java:52)
	at com.eviware.soapui.impl.wsdl.support.wsdl.WsdlContext.loadDefinition(WsdlContext.java:62)
	at com.eviware.soapui.impl.wsdl.support.wsdl.WsdlContext.loadDefinition(WsdlContext.java:34)
	at com.eviware.soapui.impl.support.definition.support.AbstractDefinitionContext.cacheDefinition(AbstractDefinitionContext.java:245)
	at com.eviware.soapui.impl.support.definition.support.AbstractDefinitionContext.access$400(AbstractDefinitionContext.java:47)
	at com.eviware.soapui.impl.support.definition.support.AbstractDefinitionContext$Loader.construct(AbstractDefinitionContext.java:218)
	at com.eviware.soapui.support.swing.SwingWorkerDelegator.construct(SwingWorkerDelegator.java:46)
	at com.eviware.soapui.support.swing.SwingWorker$2.run(SwingWorker.java:131)
	at java.lang.Thread.run(Thread.java:748)
déc. 13, 2021 10:12:11 AM eql.logicaldoc.LogicaldocTest LogicalDocTest_Docs_And_Search
INFOS: ******Running TestSuite 2***********
déc. 13, 2021 10:12:11 AM eql.logicaldoc.LogicaldocTest LogicalDocTest_Docs_And_Search
INFOS: ******Running TestCase 1***********
]]></system-err>
  </testcase>
  <testcase name="LogicalDocTest_Folders" classname="eql.logicaldoc.LogicaldocTest" time="0.23">
    <system-out><![CDATA[10:12:12,276 INFO  [WsdlProject] Loaded project from [file:/C:/Users/formation/Documents/Projet_Libreplan_Logicaldoc/logicaldoc/src/test/resources/KIM_Logicaldoc-soapui-project.xml]
10:12:12,280 DEBUG [HttpClientSupport$SoapUIHttpClient] Stale connection check
10:12:12,293 DEBUG [HttpClientSupport$SoapUIHttpClient] Attempt 1 to execute request
10:12:12,293 DEBUG [SoapUIMultiThreadedHttpConnectionManager$SoapUIDefaultClientConnection] Sending request: POST /logicaldoc/services/Auth HTTP/1.1
10:12:12,323 DEBUG [SoapUIMultiThreadedHttpConnectionManager$SoapUIDefaultClientConnection] Receiving response: HTTP/1.1 200 
10:12:12,323 DEBUG [HttpClientSupport$SoapUIHttpClient] Connection can be kept alive for 20000 MILLISECONDS
10:12:12,374 DEBUG [HttpClientSupport$SoapUIHttpClient] Stale connection check
10:12:12,386 DEBUG [HttpClientSupport$SoapUIHttpClient] Attempt 1 to execute request
10:12:12,386 DEBUG [SoapUIMultiThreadedHttpConnectionManager$SoapUIDefaultClientConnection] Sending request: POST /logicaldoc/services/Folder HTTP/1.1
10:12:12,407 DEBUG [SoapUIMultiThreadedHttpConnectionManager$SoapUIDefaultClientConnection] Receiving response: HTTP/1.1 200 
10:12:12,407 DEBUG [HttpClientSupport$SoapUIHttpClient] Connection can be kept alive for 20000 MILLISECONDS
10:12:12,414 DEBUG [HttpClientSupport$SoapUIHttpClient] Stale connection check
10:12:12,417 DEBUG [HttpClientSupport$SoapUIHttpClient] Attempt 1 to execute request
10:12:12,417 DEBUG [SoapUIMultiThreadedHttpConnectionManager$SoapUIDefaultClientConnection] Sending request: POST /logicaldoc/services/Folder HTTP/1.1
10:12:12,444 DEBUG [SoapUIMultiThreadedHttpConnectionManager$SoapUIDefaultClientConnection] Receiving response: HTTP/1.1 200 
10:12:12,445 DEBUG [HttpClientSupport$SoapUIHttpClient] Connection can be kept alive for 20000 MILLISECONDS
10:12:12,479 DEBUG [HttpClientSupport$SoapUIHttpClient] Stale connection check
10:12:12,481 DEBUG [HttpClientSupport$SoapUIHttpClient] Attempt 1 to execute request
10:12:12,481 DEBUG [SoapUIMultiThreadedHttpConnectionManager$SoapUIDefaultClientConnection] Sending request: POST /logicaldoc/services/Folder HTTP/1.1
10:12:12,496 DEBUG [SoapUIMultiThreadedHttpConnectionManager$SoapUIDefaultClientConnection] Receiving response: HTTP/1.1 200 
10:12:12,496 DEBUG [HttpClientSupport$SoapUIHttpClient] Connection can be kept alive for 20000 MILLISECONDS
]]></system-out>
    <system-err><![CDATA[déc. 13, 2021 10:12:12 AM eql.logicaldoc.LogicaldocTest LogicalDocTest_Folders
INFOS: Running LOGICALDOC Folders APIs tests
déc. 13, 2021 10:12:12 AM eql.logicaldoc.LogicaldocTest LogicalDocTest_Folders
INFOS: ******Running TestSuite 1***********
déc. 13, 2021 10:12:12 AM eql.logicaldoc.LogicaldocTest LogicalDocTest_Folders
INFOS: ******Running TestCase 1***********
]]></system-err>
  </testcase>
  <testcase name="LogicalDocTest_Bookmarks" classname="eql.logicaldoc.LogicaldocTest" time="0.264">
    <system-out><![CDATA[10:12:12,514 INFO  [WsdlProject] Loaded project from [file:/C:/Users/formation/Documents/Projet_Libreplan_Logicaldoc/logicaldoc/src/test/resources/LOGICALDOC-BOOKMARKS-TEST-soapui-project.xml]
10:12:12,517 DEBUG [HttpClientSupport$SoapUIHttpClient] Stale connection check
10:12:12,529 DEBUG [HttpClientSupport$SoapUIHttpClient] Attempt 1 to execute request
10:12:12,529 DEBUG [SoapUIMultiThreadedHttpConnectionManager$SoapUIDefaultClientConnection] Sending request: POST /logicaldoc/services/Auth HTTP/1.1
10:12:12,540 DEBUG [SoapUIMultiThreadedHttpConnectionManager$SoapUIDefaultClientConnection] Receiving response: HTTP/1.1 200 
10:12:12,540 DEBUG [HttpClientSupport$SoapUIHttpClient] Connection can be kept alive for 20000 MILLISECONDS
Progress: 1 - Loading Definition from cache
10:12:12,566 DEBUG [AbstractDefinitionContext] Loading Definition...
10:12:12,566 DEBUG [WsdlInterfaceDefinition] Loading WSDL: http://localhost:8080/logicaldoc/services/Document?wsdl
10:12:12,567 DEBUG [AbstractWsdlDefinitionLoader] Returning baseInputSource [http://localhost:8080/logicaldoc/services/Document?wsdl]
Retrieving document at 'http://localhost:8080/logicaldoc/services/Document?wsdl'.
10:12:12,572 ERROR [SoapUI] An error occurred [com.eviware.soapui.impl.support.definition.support.InvalidDefinitionException], see error log for details
10:12:12,572 ERROR [SoapUI] An error occurred [com.eviware.soapui.impl.support.definition.support.InvalidDefinitionException], see error log for details
10:12:12,573 WARN  [SoapUI] Failed to process inline/MTOM attachments; java.lang.Exception: Missing operation [create] in wsdl definition
Progress: 1 - Loading Definition from cache
10:12:12,573 DEBUG [AbstractDefinitionContext] Loading Definition...
10:12:12,573 DEBUG [WsdlInterfaceDefinition] Loading WSDL: http://localhost:8080/logicaldoc/services/Document?wsdl
10:12:12,573 DEBUG [AbstractWsdlDefinitionLoader] Returning baseInputSource [http://localhost:8080/logicaldoc/services/Document?wsdl]
Retrieving document at 'http://localhost:8080/logicaldoc/services/Document?wsdl'.
10:12:12,576 ERROR [SoapUI] An error occurred [com.eviware.soapui.impl.support.definition.support.InvalidDefinitionException], see error log for details
10:12:12,577 WARN  [AttachmentUtils] 
10:12:12,578 DEBUG [HttpClientSupport$SoapUIHttpClient] Stale connection check
10:12:12,594 DEBUG [HttpClientSupport$SoapUIHttpClient] Attempt 1 to execute request
10:12:12,594 DEBUG [SoapUIMultiThreadedHttpConnectionManager$SoapUIDefaultClientConnection] Sending request: POST /logicaldoc/services/Document HTTP/1.1
10:12:12,623 DEBUG [SoapUIMultiThreadedHttpConnectionManager$SoapUIDefaultClientConnection] Receiving response: HTTP/1.1 200 
10:12:12,623 DEBUG [HttpClientSupport$SoapUIHttpClient] Connection can be kept alive for 20000 MILLISECONDS
10:12:12,660 DEBUG [HttpClientSupport$SoapUIHttpClient] Stale connection check
10:12:12,670 DEBUG [HttpClientSupport$SoapUIHttpClient] Attempt 1 to execute request
10:12:12,670 DEBUG [SoapUIMultiThreadedHttpConnectionManager$SoapUIDefaultClientConnection] Sending request: POST /logicaldoc/services/Bookmark HTTP/1.1
10:12:12,692 DEBUG [SoapUIMultiThreadedHttpConnectionManager$SoapUIDefaultClientConnection] Receiving response: HTTP/1.1 200 
10:12:12,692 DEBUG [HttpClientSupport$SoapUIHttpClient] Connection can be kept alive for 20000 MILLISECONDS
10:12:12,695 DEBUG [HttpClientSupport$SoapUIHttpClient] Stale connection check
10:12:12,702 DEBUG [HttpClientSupport$SoapUIHttpClient] Attempt 1 to execute request
10:12:12,702 DEBUG [SoapUIMultiThreadedHttpConnectionManager$SoapUIDefaultClientConnection] Sending request: POST /logicaldoc/services/Bookmark HTTP/1.1
10:12:12,708 DEBUG [SoapUIMultiThreadedHttpConnectionManager$SoapUIDefaultClientConnection] Receiving response: HTTP/1.1 200 
10:12:12,708 DEBUG [HttpClientSupport$SoapUIHttpClient] Connection can be kept alive for 20000 MILLISECONDS
10:12:12,710 DEBUG [HttpClientSupport$SoapUIHttpClient] Stale connection check
10:12:12,717 DEBUG [HttpClientSupport$SoapUIHttpClient] Attempt 1 to execute request
10:12:12,717 DEBUG [SoapUIMultiThreadedHttpConnectionManager$SoapUIDefaultClientConnection] Sending request: POST /logicaldoc/services/Bookmark HTTP/1.1
10:12:12,736 DEBUG [SoapUIMultiThreadedHttpConnectionManager$SoapUIDefaultClientConnection] Receiving response: HTTP/1.1 200 
10:12:12,736 DEBUG [HttpClientSupport$SoapUIHttpClient] Connection can be kept alive for 20000 MILLISECONDS
10:12:12,739 DEBUG [HttpClientSupport$SoapUIHttpClient] Stale connection check
10:12:12,748 DEBUG [HttpClientSupport$SoapUIHttpClient] Attempt 1 to execute request
10:12:12,748 DEBUG [SoapUIMultiThreadedHttpConnectionManager$SoapUIDefaultClientConnection] Sending request: POST /logicaldoc/services/Bookmark HTTP/1.1
10:12:12,757 DEBUG [SoapUIMultiThreadedHttpConnectionManager$SoapUIDefaultClientConnection] Receiving response: HTTP/1.1 200 
10:12:12,757 DEBUG [HttpClientSupport$SoapUIHttpClient] Connection can be kept alive for 20000 MILLISECONDS
]]></system-out>
    <system-err><![CDATA[déc. 13, 2021 10:12:12 AM eql.logicaldoc.LogicaldocTest LogicalDocTest_Bookmarks
INFOS: Running LOGICALDOC Bookmarks APIs tests
déc. 13, 2021 10:12:12 AM eql.logicaldoc.LogicaldocTest LogicalDocTest_Bookmarks
INFOS: ******Running BOOKMARK_DOCUMENT***********
déc. 13, 2021 10:12:12 AM eql.logicaldoc.LogicaldocTest LogicalDocTest_Bookmarks
INFOS: ******Running BOOKMARK_DOCUMENT***********
[Fatal Error] Document?wsdl:1:43: Le balisage du document précédant l'élément racine doit avoir un format correct.
com.eviware.soapui.impl.support.definition.support.InvalidDefinitionException
	at com.eviware.soapui.impl.wsdl.support.wsdl.WsdlInterfaceDefinition.load(WsdlInterfaceDefinition.java:52)
	at com.eviware.soapui.impl.wsdl.support.wsdl.WsdlContext.loadDefinition(WsdlContext.java:62)
	at com.eviware.soapui.impl.wsdl.support.wsdl.WsdlContext.loadDefinition(WsdlContext.java:34)
	at com.eviware.soapui.impl.support.definition.support.AbstractDefinitionContext.cacheDefinition(AbstractDefinitionContext.java:245)
	at com.eviware.soapui.impl.support.definition.support.AbstractDefinitionContext.access$400(AbstractDefinitionContext.java:47)
	at com.eviware.soapui.impl.support.definition.support.AbstractDefinitionContext$Loader.construct(AbstractDefinitionContext.java:218)
	at com.eviware.soapui.support.swing.SwingWorkerDelegator.construct(SwingWorkerDelegator.java:46)
	at com.eviware.soapui.support.swing.SwingWorker$2.run(SwingWorker.java:131)
	at java.lang.Thread.run(Thread.java:748)
com.eviware.soapui.impl.support.definition.support.InvalidDefinitionException
	at com.eviware.soapui.impl.wsdl.support.wsdl.WsdlInterfaceDefinition.load(WsdlInterfaceDefinition.java:52)
	at com.eviware.soapui.impl.wsdl.support.wsdl.WsdlContext.loadDefinition(WsdlContext.java:62)
	at com.eviware.soapui.impl.wsdl.support.wsdl.WsdlContext.loadDefinition(WsdlContext.java:34)
	at com.eviware.soapui.impl.support.definition.support.AbstractDefinitionContext.cacheDefinition(AbstractDefinitionContext.java:245)
	at com.eviware.soapui.impl.support.definition.support.AbstractDefinitionContext.access$400(AbstractDefinitionContext.java:47)
	at com.eviware.soapui.impl.support.definition.support.AbstractDefinitionContext$Loader.construct(AbstractDefinitionContext.java:218)
	at com.eviware.soapui.support.swing.SwingWorkerDelegator.construct(SwingWorkerDelegator.java:46)
	at com.eviware.soapui.support.swing.SwingWorker$2.run(SwingWorker.java:131)
	at java.lang.Thread.run(Thread.java:748)
[Fatal Error] Document?wsdl:1:43: Le balisage du document précédant l'élément racine doit avoir un format correct.
com.eviware.soapui.impl.support.definition.support.InvalidDefinitionException
	at com.eviware.soapui.impl.wsdl.support.wsdl.WsdlInterfaceDefinition.load(WsdlInterfaceDefinition.java:52)
	at com.eviware.soapui.impl.wsdl.support.wsdl.WsdlContext.loadDefinition(WsdlContext.java:62)
	at com.eviware.soapui.impl.wsdl.support.wsdl.WsdlContext.loadDefinition(WsdlContext.java:34)
	at com.eviware.soapui.impl.support.definition.support.AbstractDefinitionContext.cacheDefinition(AbstractDefinitionContext.java:245)
	at com.eviware.soapui.impl.support.definition.support.AbstractDefinitionContext.access$400(AbstractDefinitionContext.java:47)
	at com.eviware.soapui.impl.support.definition.support.AbstractDefinitionContext$Loader.construct(AbstractDefinitionContext.java:218)
	at com.eviware.soapui.support.swing.SwingWorkerDelegator.construct(SwingWorkerDelegator.java:46)
	at com.eviware.soapui.support.swing.SwingWorker$2.run(SwingWorker.java:131)
	at java.lang.Thread.run(Thread.java:748)
]]></system-err>
  </testcase>
</testsuite>